<?xml version="1.0" encoding="UTF-8"?>
<testsuite name="features.parallel.Runner.Runner" tests="1" skipped="0" failures="1" errors="0" timestamp="2024-02-27T13:23:07" hostname="5CG22834VH" time="11.899">
  <properties/>
  <testcase name="testParallel()" classname="features.parallel.Runner.Runner" time="11.899">
    <failure message="org.opentest4j.AssertionFailedError: status code was: 404, expected: 200, response time in milliseconds: 708, url: https://restful-booker.herokuapp.com/booking, response: &#10;Not Found&#10;classpath:features/update/UpdateBooking.feature:18 ==&gt; expected: &lt;0&gt; but was: &lt;1&gt;" type="org.opentest4j.AssertionFailedError">org.opentest4j.AssertionFailedError: status code was: 404, expected: 200, response time in milliseconds: 708, url: https://restful-booker.herokuapp.com/booking, response: 
Not Found
classpath:features/update/UpdateBooking.feature:18 ==&gt; expected: &lt;0&gt; but was: &lt;1&gt;
	at org.junit.jupiter.api.AssertionUtils.fail(AssertionUtils.java:55)
	at org.junit.jupiter.api.AssertionUtils.failNotEqual(AssertionUtils.java:62)
	at org.junit.jupiter.api.AssertEquals.assertEquals(AssertEquals.java:150)
	at org.junit.jupiter.api.Assertions.assertEquals(Assertions.java:559)
	at features.parallel.Runner.Runner.testParallel(Runner.java:12)
	at java.base/jdk.internal.reflect.NativeMethodAccessorImpl.invoke0(Native Method)
	at java.base/jdk.internal.reflect.NativeMethodAccessorImpl.invoke(NativeMethodAccessorImpl.java:78)
	at java.base/jdk.internal.reflect.DelegatingMethodAccessorImpl.invoke(DelegatingMethodAccessorImpl.java:43)
	at java.base/java.lang.reflect.Method.invoke(Method.java:567)
	at org.junit.platform.commons.util.ReflectionUtils.invokeMethod(ReflectionUtils.java:725)
	at org.junit.jupiter.engine.execution.MethodInvocation.proceed(MethodInvocation.java:60)
	at org.junit.jupiter.engine.execution.InvocationInterceptorChain$ValidatingInvocation.proceed(InvocationInterceptorChain.java:131)
	at org.junit.jupiter.engine.extension.TimeoutExtension.intercept(TimeoutExtension.java:149)
	at org.junit.jupiter.engine.extension.TimeoutExtension.interceptTestableMethod(TimeoutExtension.java:140)
	at org.junit.jupiter.engine.extension.TimeoutExtension.interceptTestMethod(TimeoutExtension.java:84)
	at org.junit.jupiter.engine.execution.ExecutableInvoker$ReflectiveInterceptorCall.lambda$ofVoidMethod$0(ExecutableInvoker.java:115)
	at org.junit.jupiter.engine.execution.ExecutableInvoker.lambda$invoke$0(ExecutableInvoker.java:105)
	at org.junit.jupiter.engine.execution.InvocationInterceptorChain$InterceptedInvocation.proceed(InvocationInterceptorChain.java:106)
	at org.junit.jupiter.engine.execution.InvocationInterceptorChain.proceed(InvocationInterceptorChain.java:64)
	at org.junit.jupiter.engine.execution.InvocationInterceptorChain.chainAndInvoke(InvocationInterceptorChain.java:45)
	at org.junit.jupiter.engine.execution.InvocationInterceptorChain.invoke(InvocationInterceptorChain.java:37)
	at org.junit.jupiter.engine.execution.ExecutableInvoker.invoke(ExecutableInvoker.java:104)
	at org.junit.jupiter.engine.execution.ExecutableInvoker.invoke(ExecutableInvoker.java:98)
	at org.junit.jupiter.engine.descriptor.TestMethodTestDescriptor.lambda$invokeTestMethod$7(TestMethodTestDescriptor.java:214)
	at org.junit.platform.engine.support.hierarchical.ThrowableCollector.execute(ThrowableCollector.java:73)
	at org.junit.jupiter.engine.descriptor.TestMethodTestDescriptor.invokeTestMethod(TestMethodTestDescriptor.java:210)
	at org.junit.jupiter.engine.descriptor.TestMethodTestDescriptor.execute(TestMethodTestDescriptor.java:135)
	at org.junit.jupiter.engine.descriptor.TestMethodTestDescriptor.execute(TestMethodTestDescriptor.java:66)
	at org.junit.platform.engine.support.hierarchical.NodeTestTask.lambda$executeRecursively$6(NodeTestTask.java:151)
	at org.junit.platform.engine.support.hierarchical.ThrowableCollector.execute(ThrowableCollector.java:73)
	at org.junit.platform.engine.support.hierarchical.NodeTestTask.lambda$executeRecursively$8(NodeTestTask.java:141)
	at org.junit.platform.engine.support.hierarchical.Node.around(Node.java:137)
	at org.junit.platform.engine.support.hierarchical.NodeTestTask.lambda$executeRecursively$9(NodeTestTask.java:139)
	at org.junit.platform.engine.support.hierarchical.ThrowableCollector.execute(ThrowableCollector.java:73)
	at org.junit.platform.engine.support.hierarchical.NodeTestTask.executeRecursively(NodeTestTask.java:138)
	at org.junit.platform.engine.support.hierarchical.NodeTestTask.execute(NodeTestTask.java:95)
	at java.base/java.util.ArrayList.forEach(ArrayList.java:1511)
	at org.junit.platform.engine.support.hierarchical.SameThreadHierarchicalTestExecutorService.invokeAll(SameThreadHierarchicalTestExecutorService.java:41)
	at org.junit.platform.engine.support.hierarchical.NodeTestTask.lambda$executeRecursively$6(NodeTestTask.java:155)
	at org.junit.platform.engine.support.hierarchical.ThrowableCollector.execute(ThrowableCollector.java:73)
	at org.junit.platform.engine.support.hierarchical.NodeTestTask.lambda$executeRecursively$8(NodeTestTask.java:141)
	at org.junit.platform.engine.support.hierarchical.Node.around(Node.java:137)
	at org.junit.platform.engine.support.hierarchical.NodeTestTask.lambda$executeRecursively$9(NodeTestTask.java:139)
	at org.junit.platform.engine.support.hierarchical.ThrowableCollector.execute(ThrowableCollector.java:73)
	at org.junit.platform.engine.support.hierarchical.NodeTestTask.executeRecursively(NodeTestTask.java:138)
	at org.junit.platform.engine.support.hierarchical.NodeTestTask.execute(NodeTestTask.java:95)
	at java.base/java.util.ArrayList.forEach(ArrayList.java:1511)
	at org.junit.platform.engine.support.hierarchical.SameThreadHierarchicalTestExecutorService.invokeAll(SameThreadHierarchicalTestExecutorService.java:41)
	at org.junit.platform.engine.support.hierarchical.NodeTestTask.lambda$executeRecursively$6(NodeTestTask.java:155)
	at org.junit.platform.engine.support.hierarchical.ThrowableCollector.execute(ThrowableCollector.java:73)
	at org.junit.platform.engine.support.hierarchical.NodeTestTask.lambda$executeRecursively$8(NodeTestTask.java:141)
	at org.junit.platform.engine.support.hierarchical.Node.around(Node.java:137)
	at org.junit.platform.engine.support.hierarchical.NodeTestTask.lambda$executeRecursively$9(NodeTestTask.java:139)
	at org.junit.platform.engine.support.hierarchical.ThrowableCollector.execute(ThrowableCollector.java:73)
	at org.junit.platform.engine.support.hierarchical.NodeTestTask.executeRecursively(NodeTestTask.java:138)
	at org.junit.platform.engine.support.hierarchical.NodeTestTask.execute(NodeTestTask.java:95)
	at org.junit.platform.engine.support.hierarchical.SameThreadHierarchicalTestExecutorService.submit(SameThreadHierarchicalTestExecutorService.java:35)
	at org.junit.platform.engine.support.hierarchical.HierarchicalTestExecutor.execute(HierarchicalTestExecutor.java:57)
	at org.junit.platform.engine.support.hierarchical.HierarchicalTestEngine.execute(HierarchicalTestEngine.java:54)
	at org.junit.platform.launcher.core.EngineExecutionOrchestrator.execute(EngineExecutionOrchestrator.java:108)
	at org.junit.platform.launcher.core.EngineExecutionOrchestrator.execute(EngineExecutionOrchestrator.java:88)
	at org.junit.platform.launcher.core.EngineExecutionOrchestrator.lambda$execute$0(EngineExecutionOrchestrator.java:54)
	at org.junit.platform.launcher.core.EngineExecutionOrchestrator.withInterceptedStreams(EngineExecutionOrchestrator.java:67)
	at org.junit.platform.launcher.core.EngineExecutionOrchestrator.execute(EngineExecutionOrchestrator.java:52)
	at org.junit.platform.launcher.core.DefaultLauncher.execute(DefaultLauncher.java:96)
	at org.junit.platform.launcher.core.DefaultLauncher.execute(DefaultLauncher.java:75)
	at org.gradle.api.internal.tasks.testing.junitplatform.JUnitPlatformTestClassProcessor$CollectAllTestClassesExecutor.processAllTestClasses(JUnitPlatformTestClassProcessor.java:99)
	at org.gradle.api.internal.tasks.testing.junitplatform.JUnitPlatformTestClassProcessor$CollectAllTestClassesExecutor.access$000(JUnitPlatformTestClassProcessor.java:79)
	at org.gradle.api.internal.tasks.testing.junitplatform.JUnitPlatformTestClassProcessor.stop(JUnitPlatformTestClassProcessor.java:75)
	at org.gradle.api.internal.tasks.testing.SuiteTestClassProcessor.stop(SuiteTestClassProcessor.java:61)
	at java.base/jdk.internal.reflect.NativeMethodAccessorImpl.invoke0(Native Method)
	at java.base/jdk.internal.reflect.NativeMethodAccessorImpl.invoke(NativeMethodAccessorImpl.java:78)
	at java.base/jdk.internal.reflect.DelegatingMethodAccessorImpl.invoke(DelegatingMethodAccessorImpl.java:43)
	at java.base/java.lang.reflect.Method.invoke(Method.java:567)
	at org.gradle.internal.dispatch.ReflectionDispatch.dispatch(ReflectionDispatch.java:36)
	at org.gradle.internal.dispatch.ReflectionDispatch.dispatch(ReflectionDispatch.java:24)
	at org.gradle.internal.dispatch.ContextClassLoaderDispatch.dispatch(ContextClassLoaderDispatch.java:33)
	at org.gradle.internal.dispatch.ProxyDispatchAdapter$DispatchingInvocationHandler.invoke(ProxyDispatchAdapter.java:94)
	at jdk.proxy1/jdk.proxy1.$Proxy2.stop(Unknown Source)
	at org.gradle.api.internal.tasks.testing.worker.TestWorker.stop(TestWorker.java:135)
	at java.base/jdk.internal.reflect.NativeMethodAccessorImpl.invoke0(Native Method)
	at java.base/jdk.internal.reflect.NativeMethodAccessorImpl.invoke(NativeMethodAccessorImpl.java:78)
	at java.base/jdk.internal.reflect.DelegatingMethodAccessorImpl.invoke(DelegatingMethodAccessorImpl.java:43)
	at java.base/java.lang.reflect.Method.invoke(Method.java:567)
	at org.gradle.internal.dispatch.ReflectionDispatch.dispatch(ReflectionDispatch.java:36)
	at org.gradle.internal.dispatch.ReflectionDispatch.dispatch(ReflectionDispatch.java:24)
	at org.gradle.internal.remote.internal.hub.MessageHubBackedObjectConnection$DispatchWrapper.dispatch(MessageHubBackedObjectConnection.java:182)
	at org.gradle.internal.remote.internal.hub.MessageHubBackedObjectConnection$DispatchWrapper.dispatch(MessageHubBackedObjectConnection.java:164)
	at org.gradle.internal.remote.internal.hub.MessageHub$Handler.run(MessageHub.java:414)
	at org.gradle.internal.concurrent.ExecutorPolicy$CatchAndRecordFailures.onExecute(ExecutorPolicy.java:64)
	at org.gradle.internal.concurrent.ManagedExecutorImpl$1.run(ManagedExecutorImpl.java:48)
	at java.base/java.util.concurrent.ThreadPoolExecutor.runWorker(ThreadPoolExecutor.java:1130)
	at java.base/java.util.concurrent.ThreadPoolExecutor$Worker.run(ThreadPoolExecutor.java:630)
	at org.gradle.internal.concurrent.ThreadFactoryImpl$ManagedThreadRunnable.run(ThreadFactoryImpl.java:56)
	at java.base/java.lang.Thread.run(Thread.java:831)
</failure>
  </testcase>
  <system-out><![CDATA[18:53:08.877 [Test worker] DEBUG com.intuit.karate.Suite - [config] classpath:karate-config.js
18:53:08.893 [Test worker] INFO com.intuit.karate.Suite - backed up existing 'build\karate-reports' dir to: build\karate-reports_1709040188877
18:53:08.904 [Test worker] DEBUG com.intuit.karate.Suite - waiting for 4 features to complete
18:53:11.177 [pool-1-thread-2] INFO com.intuit.karate - karate.env system property was: null 
18:53:11.177 [pool-1-thread-3] INFO com.intuit.karate - karate.env system property was: null 
18:53:11.177 [pool-1-thread-1] INFO com.intuit.karate - karate.env system property was: null 
18:53:11.204 [pool-1-thread-2] INFO com.intuit.karate - >> lock acquired, begin callSingle: classpath:features/token/createToken.feature
18:53:11.325 [pool-1-thread-2] DEBUG com.jayway.jsonpath.internal.path.CompiledPath - Evaluating path: $
18:53:11.339 [pool-1-thread-2] DEBUG com.jayway.jsonpath.internal.path.CompiledPath - Evaluating path: $
18:53:11.385 [pool-1-thread-2] DEBUG karate.io.netty.util.internal.logging.InternalLoggerFactory - Using SLF4J as the default logging framework
18:53:11.386 [pool-1-thread-2] DEBUG karate.io.netty.util.internal.PlatformDependent - Platform: Windows
18:53:11.389 [pool-1-thread-2] DEBUG karate.io.netty.util.internal.PlatformDependent0 - -Dio.netty.noUnsafe: false
18:53:11.390 [pool-1-thread-2] DEBUG karate.io.netty.util.internal.PlatformDependent0 - Java version: 16
18:53:11.391 [pool-1-thread-2] DEBUG karate.io.netty.util.internal.PlatformDependent0 - sun.misc.Unsafe.theUnsafe: available
18:53:11.392 [pool-1-thread-2] DEBUG karate.io.netty.util.internal.PlatformDependent0 - sun.misc.Unsafe.copyMemory: available
18:53:11.393 [pool-1-thread-2] DEBUG karate.io.netty.util.internal.PlatformDependent0 - java.nio.Buffer.address: available
18:53:11.397 [pool-1-thread-2] DEBUG karate.io.netty.util.internal.PlatformDependent0 - direct buffer constructor: unavailable
java.lang.UnsupportedOperationException: Reflective setAccessible(true) disabled
	at karate.io.netty.util.internal.ReflectionUtil.trySetAccessible(ReflectionUtil.java:31)
	at karate.io.netty.util.internal.PlatformDependent0$4.run(PlatformDependent0.java:239)
	at java.base/java.security.AccessController.doPrivileged(AccessController.java:312)
	at karate.io.netty.util.internal.PlatformDependent0.<clinit>(PlatformDependent0.java:233)
	at karate.io.netty.util.internal.PlatformDependent.isAndroid(PlatformDependent.java:294)
	at karate.io.netty.util.internal.PlatformDependent.<clinit>(PlatformDependent.java:93)
	at karate.io.netty.util.AsciiString.<init>(AsciiString.java:223)
	at karate.io.netty.util.AsciiString.<init>(AsciiString.java:210)
	at karate.io.netty.util.AsciiString.cached(AsciiString.java:1401)
	at karate.io.netty.util.AsciiString.<clinit>(AsciiString.java:48)
	at karate.io.netty.handler.codec.http.HttpResponseStatus.<init>(HttpResponseStatus.java:559)
	at karate.io.netty.handler.codec.http.HttpResponseStatus.newStatus(HttpResponseStatus.java:326)
	at karate.io.netty.handler.codec.http.HttpResponseStatus.<clinit>(HttpResponseStatus.java:39)
	at com.intuit.karate.http.HttpUtils.<clinit>(HttpUtils.java:225)
	at com.intuit.karate.http.HttpRequestBuilder.build(HttpRequestBuilder.java:199)
	at com.intuit.karate.core.ScenarioEngine.httpInvokeOnce(ScenarioEngine.java:565)
	at com.intuit.karate.core.ScenarioEngine.httpInvoke(ScenarioEngine.java:545)
	at com.intuit.karate.core.ScenarioEngine.method(ScenarioEngine.java:537)
	at com.intuit.karate.ScenarioActions.method(ScenarioActions.java:248)
	at java.base/jdk.internal.reflect.NativeMethodAccessorImpl.invoke0(Native Method)
	at java.base/jdk.internal.reflect.NativeMethodAccessorImpl.invoke(NativeMethodAccessorImpl.java:78)
	at java.base/jdk.internal.reflect.DelegatingMethodAccessorImpl.invoke(DelegatingMethodAccessorImpl.java:43)
	at java.base/java.lang.reflect.Method.invoke(Method.java:567)
	at com.intuit.karate.core.StepRuntime.execute(StepRuntime.java:280)
	at com.intuit.karate.core.ScenarioRuntime.execute(ScenarioRuntime.java:459)
	at com.intuit.karate.core.ScenarioRuntime.run(ScenarioRuntime.java:402)
	at com.intuit.karate.core.FeatureRuntime.processScenario(FeatureRuntime.java:181)
	at java.base/java.util.Iterator.forEachRemaining(Iterator.java:133)
	at com.intuit.karate.core.FeatureRuntime.run(FeatureRuntime.java:164)
	at com.intuit.karate.core.ScenarioEngine.callFeature(ScenarioEngine.java:2007)
	at com.intuit.karate.core.ScenarioEngine.call(ScenarioEngine.java:1909)
	at com.intuit.karate.core.ScenarioBridge.callSingle(ScenarioBridge.java:231)
	at com.oracle.truffle.host.HostMethodDesc$SingleMethod$MHBase.invokeHandle(HostMethodDesc.java:284)
	at com.oracle.truffle.host.GuestToHostCodeCache$1.executeImpl(GuestToHostCodeCache.java:98)
	at com.oracle.truffle.host.GuestToHostRootNode.execute(GuestToHostRootNode.java:81)
	at com.oracle.truffle.api.impl.DefaultCallTarget.callDirectOrIndirect(DefaultCallTarget.java:85)
	at com.oracle.truffle.api.impl.DefaultRuntimeAccessor$DefaultRuntimeSupport.callInlined(DefaultRuntimeAccessor.java:119)
	at com.oracle.truffle.host.GuestToHostRootNode.guestToHostCall(GuestToHostRootNode.java:107)
	at com.oracle.truffle.host.HostMethodDesc$SingleMethod$MHBase.invokeGuestToHost(HostMethodDesc.java:315)
	at com.oracle.truffle.host.HostExecuteNode.doInvoke(HostExecuteNode.java:828)
	at com.oracle.truffle.host.HostExecuteNode.doOverloadedCached(HostExecuteNode.java:256)
	at com.oracle.truffle.host.HostExecuteNodeGen.executeAndSpecialize(HostExecuteNodeGen.java:233)
	at com.oracle.truffle.host.HostExecuteNodeGen.execute(HostExecuteNodeGen.java:95)
	at com.oracle.truffle.host.HostObject.invokeMember(HostObject.java:441)
	at com.oracle.truffle.host.HostObjectGen$InteropLibraryExports$Cached.invokeMemberNode_AndSpecialize(HostObjectGen.java:2695)
	at com.oracle.truffle.host.HostObjectGen$InteropLibraryExports$Cached.invokeMember(HostObjectGen.java:2677)
	at com.oracle.truffle.api.interop.InteropLibrary$Asserts.invokeMember(InteropLibrary.java:3378)
	at com.oracle.truffle.api.interop.InteropLibraryGen$CachedDispatch.invokeMember(InteropLibraryGen.java:8138)
	at com.oracle.truffle.js.nodes.function.JSFunctionCallNode$ForeignInvokeNode.executeCall(JSFunctionCallNode.java:1478)
	at com.oracle.truffle.js.nodes.function.JSFunctionCallNode.executeAndSpecialize(JSFunctionCallNode.java:305)
	at com.oracle.truffle.js.nodes.function.JSFunctionCallNode.executeCall(JSFunctionCallNode.java:251)
	at com.oracle.truffle.js.nodes.function.JSFunctionCallNode$InvokeNode.execute(JSFunctionCallNode.java:724)
	at com.oracle.truffle.js.nodes.access.PropertyNode.evaluateTarget(PropertyNode.java:185)
	at com.oracle.truffle.js.nodes.access.PropertyNode.execute(PropertyNode.java:138)
	at com.oracle.truffle.js.nodes.access.JSWriteCurrentFrameSlotNodeGen.execute_generic4(JSWriteCurrentFrameSlotNodeGen.java:163)
	at com.oracle.truffle.js.nodes.access.JSWriteCurrentFrameSlotNodeGen.execute(JSWriteCurrentFrameSlotNodeGen.java:86)
	at com.oracle.truffle.js.nodes.access.JSWriteCurrentFrameSlotNodeGen.executeVoid(JSWriteCurrentFrameSlotNodeGen.java:317)
	at com.oracle.truffle.js.nodes.control.AbstractBlockNode.executeVoid(AbstractBlockNode.java:80)
	at com.oracle.truffle.js.nodes.control.AbstractBlockNode.executeVoid(AbstractBlockNode.java:55)
	at com.oracle.truffle.api.impl.DefaultBlockNode.executeGeneric(DefaultBlockNode.java:63)
	at com.oracle.truffle.js.nodes.control.AbstractBlockNode.execute(AbstractBlockNode.java:75)
	at com.oracle.truffle.js.nodes.function.FunctionBodyNode.execute(FunctionBodyNode.java:73)
	at com.oracle.truffle.js.nodes.function.FunctionRootNode.executeInRealm(FunctionRootNode.java:150)
	at com.oracle.truffle.js.runtime.JavaScriptRealmBoundaryRootNode.execute(JavaScriptRealmBoundaryRootNode.java:93)
	at com.oracle.truffle.api.impl.DefaultCallTarget.callDirectOrIndirect(DefaultCallTarget.java:85)
	at com.oracle.truffle.api.impl.DefaultDirectCallNode.call(DefaultDirectCallNode.java:59)
	at com.oracle.truffle.js.nodes.function.JSFunctionCallNode$UnboundJSFunctionCacheNode.executeCall(JSFunctionCallNode.java:1258)
	at com.oracle.truffle.js.nodes.function.JSFunctionCallNode.executeAndSpecialize(JSFunctionCallNode.java:305)
	at com.oracle.truffle.js.nodes.function.JSFunctionCallNode.executeCall(JSFunctionCallNode.java:251)
	at com.oracle.truffle.js.nodes.interop.JSInteropExecuteNode.doDefault(JSInteropExecuteNode.java:68)
	at com.oracle.truffle.js.nodes.interop.JSInteropExecuteNodeGen.executeAndSpecialize(JSInteropExecuteNodeGen.java:61)
	at com.oracle.truffle.js.nodes.interop.JSInteropExecuteNodeGen.execute(JSInteropExecuteNodeGen.java:43)
	at com.oracle.truffle.js.runtime.builtins.JSFunctionObject.execute(JSFunctionObject.java:140)
	at com.oracle.truffle.js.runtime.builtins.JSFunctionObjectGen$InteropLibraryExports$Cached.executeNode_AndSpecialize(JSFunctionObjectGen.java:151)
	at com.oracle.truffle.js.runtime.builtins.JSFunctionObjectGen$InteropLibraryExports$Cached.execute(JSFunctionObjectGen.java:130)
	at com.oracle.truffle.api.interop.InteropLibrary$Asserts.execute(InteropLibrary.java:2990)
	at com.oracle.truffle.api.interop.InteropLibraryGen$CachedDispatch.execute(InteropLibraryGen.java:7592)
	at com.oracle.truffle.polyglot.PolyglotValueDispatch$InteropValue$AbstractExecuteNode.executeShared(PolyglotValueDispatch.java:4207)
	at com.oracle.truffle.polyglot.PolyglotValueDispatch$InteropValue$ExecuteNoArgsNode.executeImpl(PolyglotValueDispatch.java:4314)
	at com.oracle.truffle.polyglot.HostToGuestRootNode.execute(HostToGuestRootNode.java:125)
	at com.oracle.truffle.api.impl.DefaultCallTarget.callDirectOrIndirect(DefaultCallTarget.java:85)
	at com.oracle.truffle.api.impl.DefaultCallTarget.call(DefaultCallTarget.java:102)
	at com.oracle.truffle.api.impl.DefaultRuntimeAccessor$DefaultRuntimeSupport.callProfiled(DefaultRuntimeAccessor.java:124)
	at com.oracle.truffle.polyglot.PolyglotValueDispatch$InteropValue.execute(PolyglotValueDispatch.java:2350)
	at org.graalvm.polyglot.Value.execute(Value.java:828)
	at com.intuit.karate.graal.JsEngine.execute(JsEngine.java:180)
	at com.intuit.karate.core.ScenarioEngine.executeJsValue(ScenarioEngine.java:1241)
	at com.intuit.karate.core.ScenarioEngine.executeFunction(ScenarioEngine.java:1227)
	at com.intuit.karate.core.ScenarioEngine.getOrEvalAsMap(ScenarioEngine.java:1216)
	at com.intuit.karate.core.ScenarioRuntime.evalConfigJs(ScenarioRuntime.java:291)
	at com.intuit.karate.core.ScenarioRuntime.beforeRun(ScenarioRuntime.java:369)
	at com.intuit.karate.core.ScenarioRuntime.run(ScenarioRuntime.java:395)
	at com.intuit.karate.core.FeatureRuntime.processScenario(FeatureRuntime.java:181)
	at com.intuit.karate.core.FeatureRuntime.access$000(FeatureRuntime.java:43)
	at com.intuit.karate.core.FeatureRuntime$1.process(FeatureRuntime.java:122)
	at com.intuit.karate.core.FeatureRuntime$1.process(FeatureRuntime.java:118)
	at com.intuit.karate.core.ParallelProcessor.lambda$toRunnable$0(ParallelProcessor.java:59)
	at java.base/java.util.concurrent.Executors$RunnableAdapter.call(Executors.java:515)
	at java.base/java.util.concurrent.FutureTask.run(FutureTask.java:264)
	at java.base/java.util.concurrent.ThreadPoolExecutor.runWorker(ThreadPoolExecutor.java:1130)
	at java.base/java.util.concurrent.ThreadPoolExecutor$Worker.run(ThreadPoolExecutor.java:630)
	at java.base/java.lang.Thread.run(Thread.java:831)
18:53:11.406 [pool-1-thread-2] DEBUG karate.io.netty.util.internal.PlatformDependent0 - java.nio.Bits.unaligned: available, true
18:53:11.409 [pool-1-thread-2] DEBUG karate.io.netty.util.internal.PlatformDependent0 - jdk.internal.misc.Unsafe.allocateUninitializedArray(int): unavailable
java.lang.IllegalAccessException: class karate.io.netty.util.internal.PlatformDependent0$6 cannot access class jdk.internal.misc.Unsafe (in module java.base) because module java.base does not export jdk.internal.misc to unnamed module @d463d9a
	at java.base/jdk.internal.reflect.Reflection.newIllegalAccessException(Reflection.java:385)
	at java.base/java.lang.reflect.AccessibleObject.checkAccess(AccessibleObject.java:687)
	at java.base/java.lang.reflect.Method.invoke(Method.java:559)
	at karate.io.netty.util.internal.PlatformDependent0$6.run(PlatformDependent0.java:353)
	at java.base/java.security.AccessController.doPrivileged(AccessController.java:312)
	at karate.io.netty.util.internal.PlatformDependent0.<clinit>(PlatformDependent0.java:344)
	at karate.io.netty.util.internal.PlatformDependent.isAndroid(PlatformDependent.java:294)
	at karate.io.netty.util.internal.PlatformDependent.<clinit>(PlatformDependent.java:93)
	at karate.io.netty.util.AsciiString.<init>(AsciiString.java:223)
	at karate.io.netty.util.AsciiString.<init>(AsciiString.java:210)
	at karate.io.netty.util.AsciiString.cached(AsciiString.java:1401)
	at karate.io.netty.util.AsciiString.<clinit>(AsciiString.java:48)
	at karate.io.netty.handler.codec.http.HttpResponseStatus.<init>(HttpResponseStatus.java:559)
	at karate.io.netty.handler.codec.http.HttpResponseStatus.newStatus(HttpResponseStatus.java:326)
	at karate.io.netty.handler.codec.http.HttpResponseStatus.<clinit>(HttpResponseStatus.java:39)
	at com.intuit.karate.http.HttpUtils.<clinit>(HttpUtils.java:225)
	at com.intuit.karate.http.HttpRequestBuilder.build(HttpRequestBuilder.java:199)
	at com.intuit.karate.core.ScenarioEngine.httpInvokeOnce(ScenarioEngine.java:565)
	at com.intuit.karate.core.ScenarioEngine.httpInvoke(ScenarioEngine.java:545)
	at com.intuit.karate.core.ScenarioEngine.method(ScenarioEngine.java:537)
	at com.intuit.karate.ScenarioActions.method(ScenarioActions.java:248)
	at java.base/jdk.internal.reflect.NativeMethodAccessorImpl.invoke0(Native Method)
	at java.base/jdk.internal.reflect.NativeMethodAccessorImpl.invoke(NativeMethodAccessorImpl.java:78)
	at java.base/jdk.internal.reflect.DelegatingMethodAccessorImpl.invoke(DelegatingMethodAccessorImpl.java:43)
	at java.base/java.lang.reflect.Method.invoke(Method.java:567)
	at com.intuit.karate.core.StepRuntime.execute(StepRuntime.java:280)
	at com.intuit.karate.core.ScenarioRuntime.execute(ScenarioRuntime.java:459)
	at com.intuit.karate.core.ScenarioRuntime.run(ScenarioRuntime.java:402)
	at com.intuit.karate.core.FeatureRuntime.processScenario(FeatureRuntime.java:181)
	at java.base/java.util.Iterator.forEachRemaining(Iterator.java:133)
	at com.intuit.karate.core.FeatureRuntime.run(FeatureRuntime.java:164)
	at com.intuit.karate.core.ScenarioEngine.callFeature(ScenarioEngine.java:2007)
	at com.intuit.karate.core.ScenarioEngine.call(ScenarioEngine.java:1909)
	at com.intuit.karate.core.ScenarioBridge.callSingle(ScenarioBridge.java:231)
	at com.oracle.truffle.host.HostMethodDesc$SingleMethod$MHBase.invokeHandle(HostMethodDesc.java:284)
	at com.oracle.truffle.host.GuestToHostCodeCache$1.executeImpl(GuestToHostCodeCache.java:98)
	at com.oracle.truffle.host.GuestToHostRootNode.execute(GuestToHostRootNode.java:81)
	at com.oracle.truffle.api.impl.DefaultCallTarget.callDirectOrIndirect(DefaultCallTarget.java:85)
	at com.oracle.truffle.api.impl.DefaultRuntimeAccessor$DefaultRuntimeSupport.callInlined(DefaultRuntimeAccessor.java:119)
	at com.oracle.truffle.host.GuestToHostRootNode.guestToHostCall(GuestToHostRootNode.java:107)
	at com.oracle.truffle.host.HostMethodDesc$SingleMethod$MHBase.invokeGuestToHost(HostMethodDesc.java:315)
	at com.oracle.truffle.host.HostExecuteNode.doInvoke(HostExecuteNode.java:828)
	at com.oracle.truffle.host.HostExecuteNode.doOverloadedCached(HostExecuteNode.java:256)
	at com.oracle.truffle.host.HostExecuteNodeGen.executeAndSpecialize(HostExecuteNodeGen.java:233)
	at com.oracle.truffle.host.HostExecuteNodeGen.execute(HostExecuteNodeGen.java:95)
	at com.oracle.truffle.host.HostObject.invokeMember(HostObject.java:441)
	at com.oracle.truffle.host.HostObjectGen$InteropLibraryExports$Cached.invokeMemberNode_AndSpecialize(HostObjectGen.java:2695)
	at com.oracle.truffle.host.HostObjectGen$InteropLibraryExports$Cached.invokeMember(HostObjectGen.java:2677)
	at com.oracle.truffle.api.interop.InteropLibrary$Asserts.invokeMember(InteropLibrary.java:3378)
	at com.oracle.truffle.api.interop.InteropLibraryGen$CachedDispatch.invokeMember(InteropLibraryGen.java:8138)
	at com.oracle.truffle.js.nodes.function.JSFunctionCallNode$ForeignInvokeNode.executeCall(JSFunctionCallNode.java:1478)
	at com.oracle.truffle.js.nodes.function.JSFunctionCallNode.executeAndSpecialize(JSFunctionCallNode.java:305)
	at com.oracle.truffle.js.nodes.function.JSFunctionCallNode.executeCall(JSFunctionCallNode.java:251)
	at com.oracle.truffle.js.nodes.function.JSFunctionCallNode$InvokeNode.execute(JSFunctionCallNode.java:724)
	at com.oracle.truffle.js.nodes.access.PropertyNode.evaluateTarget(PropertyNode.java:185)
	at com.oracle.truffle.js.nodes.access.PropertyNode.execute(PropertyNode.java:138)
	at com.oracle.truffle.js.nodes.access.JSWriteCurrentFrameSlotNodeGen.execute_generic4(JSWriteCurrentFrameSlotNodeGen.java:163)
	at com.oracle.truffle.js.nodes.access.JSWriteCurrentFrameSlotNodeGen.execute(JSWriteCurrentFrameSlotNodeGen.java:86)
	at com.oracle.truffle.js.nodes.access.JSWriteCurrentFrameSlotNodeGen.executeVoid(JSWriteCurrentFrameSlotNodeGen.java:317)
	at com.oracle.truffle.js.nodes.control.AbstractBlockNode.executeVoid(AbstractBlockNode.java:80)
	at com.oracle.truffle.js.nodes.control.AbstractBlockNode.executeVoid(AbstractBlockNode.java:55)
	at com.oracle.truffle.api.impl.DefaultBlockNode.executeGeneric(DefaultBlockNode.java:63)
	at com.oracle.truffle.js.nodes.control.AbstractBlockNode.execute(AbstractBlockNode.java:75)
	at com.oracle.truffle.js.nodes.function.FunctionBodyNode.execute(FunctionBodyNode.java:73)
	at com.oracle.truffle.js.nodes.function.FunctionRootNode.executeInRealm(FunctionRootNode.java:150)
	at com.oracle.truffle.js.runtime.JavaScriptRealmBoundaryRootNode.execute(JavaScriptRealmBoundaryRootNode.java:93)
	at com.oracle.truffle.api.impl.DefaultCallTarget.callDirectOrIndirect(DefaultCallTarget.java:85)
	at com.oracle.truffle.api.impl.DefaultDirectCallNode.call(DefaultDirectCallNode.java:59)
	at com.oracle.truffle.js.nodes.function.JSFunctionCallNode$UnboundJSFunctionCacheNode.executeCall(JSFunctionCallNode.java:1258)
	at com.oracle.truffle.js.nodes.function.JSFunctionCallNode.executeAndSpecialize(JSFunctionCallNode.java:305)
	at com.oracle.truffle.js.nodes.function.JSFunctionCallNode.executeCall(JSFunctionCallNode.java:251)
	at com.oracle.truffle.js.nodes.interop.JSInteropExecuteNode.doDefault(JSInteropExecuteNode.java:68)
	at com.oracle.truffle.js.nodes.interop.JSInteropExecuteNodeGen.executeAndSpecialize(JSInteropExecuteNodeGen.java:61)
	at com.oracle.truffle.js.nodes.interop.JSInteropExecuteNodeGen.execute(JSInteropExecuteNodeGen.java:43)
	at com.oracle.truffle.js.runtime.builtins.JSFunctionObject.execute(JSFunctionObject.java:140)
	at com.oracle.truffle.js.runtime.builtins.JSFunctionObjectGen$InteropLibraryExports$Cached.executeNode_AndSpecialize(JSFunctionObjectGen.java:151)
	at com.oracle.truffle.js.runtime.builtins.JSFunctionObjectGen$InteropLibraryExports$Cached.execute(JSFunctionObjectGen.java:130)
	at com.oracle.truffle.api.interop.InteropLibrary$Asserts.execute(InteropLibrary.java:2990)
	at com.oracle.truffle.api.interop.InteropLibraryGen$CachedDispatch.execute(InteropLibraryGen.java:7592)
	at com.oracle.truffle.polyglot.PolyglotValueDispatch$InteropValue$AbstractExecuteNode.executeShared(PolyglotValueDispatch.java:4207)
	at com.oracle.truffle.polyglot.PolyglotValueDispatch$InteropValue$ExecuteNoArgsNode.executeImpl(PolyglotValueDispatch.java:4314)
	at com.oracle.truffle.polyglot.HostToGuestRootNode.execute(HostToGuestRootNode.java:125)
	at com.oracle.truffle.api.impl.DefaultCallTarget.callDirectOrIndirect(DefaultCallTarget.java:85)
	at com.oracle.truffle.api.impl.DefaultCallTarget.call(DefaultCallTarget.java:102)
	at com.oracle.truffle.api.impl.DefaultRuntimeAccessor$DefaultRuntimeSupport.callProfiled(DefaultRuntimeAccessor.java:124)
	at com.oracle.truffle.polyglot.PolyglotValueDispatch$InteropValue.execute(PolyglotValueDispatch.java:2350)
	at org.graalvm.polyglot.Value.execute(Value.java:828)
	at com.intuit.karate.graal.JsEngine.execute(JsEngine.java:180)
	at com.intuit.karate.core.ScenarioEngine.executeJsValue(ScenarioEngine.java:1241)
	at com.intuit.karate.core.ScenarioEngine.executeFunction(ScenarioEngine.java:1227)
	at com.intuit.karate.core.ScenarioEngine.getOrEvalAsMap(ScenarioEngine.java:1216)
	at com.intuit.karate.core.ScenarioRuntime.evalConfigJs(ScenarioRuntime.java:291)
	at com.intuit.karate.core.ScenarioRuntime.beforeRun(ScenarioRuntime.java:369)
	at com.intuit.karate.core.ScenarioRuntime.run(ScenarioRuntime.java:395)
	at com.intuit.karate.core.FeatureRuntime.processScenario(FeatureRuntime.java:181)
	at com.intuit.karate.core.FeatureRuntime.access$000(FeatureRuntime.java:43)
	at com.intuit.karate.core.FeatureRuntime$1.process(FeatureRuntime.java:122)
	at com.intuit.karate.core.FeatureRuntime$1.process(FeatureRuntime.java:118)
	at com.intuit.karate.core.ParallelProcessor.lambda$toRunnable$0(ParallelProcessor.java:59)
	at java.base/java.util.concurrent.Executors$RunnableAdapter.call(Executors.java:515)
	at java.base/java.util.concurrent.FutureTask.run(FutureTask.java:264)
	at java.base/java.util.concurrent.ThreadPoolExecutor.runWorker(ThreadPoolExecutor.java:1130)
	at java.base/java.util.concurrent.ThreadPoolExecutor$Worker.run(ThreadPoolExecutor.java:630)
	at java.base/java.lang.Thread.run(Thread.java:831)
18:53:11.415 [pool-1-thread-2] DEBUG karate.io.netty.util.internal.PlatformDependent0 - java.nio.DirectByteBuffer.<init>(long, int): unavailable
18:53:11.415 [pool-1-thread-2] DEBUG karate.io.netty.util.internal.PlatformDependent - sun.misc.Unsafe: available
18:53:11.416 [pool-1-thread-2] DEBUG karate.io.netty.util.internal.PlatformDependent - maxDirectMemory: 536870912 bytes (maybe)
18:53:11.416 [pool-1-thread-2] DEBUG karate.io.netty.util.internal.PlatformDependent - -Dio.netty.tmpdir: C:\Users\10719542\AppData\Local\Temp (java.io.tmpdir)
18:53:11.417 [pool-1-thread-2] DEBUG karate.io.netty.util.internal.PlatformDependent - -Dio.netty.bitMode: 64 (sun.arch.data.model)
18:53:11.419 [pool-1-thread-2] DEBUG karate.io.netty.util.internal.PlatformDependent - -Dio.netty.maxDirectMemory: -1 bytes
18:53:11.419 [pool-1-thread-2] DEBUG karate.io.netty.util.internal.PlatformDependent - -Dio.netty.uninitializedArrayAllocationThreshold: -1
18:53:11.420 [pool-1-thread-2] DEBUG karate.io.netty.util.internal.CleanerJava9 - java.nio.ByteBuffer.cleaner(): available
18:53:11.420 [pool-1-thread-2] DEBUG karate.io.netty.util.internal.PlatformDependent - -Dio.netty.noPreferDirect: false
18:53:11.725 [pool-1-thread-2] DEBUG karate.org.apache.http.client.protocol.RequestAddCookies - CookieSpec selected: karate
18:53:11.738 [pool-1-thread-2] DEBUG karate.org.apache.http.client.protocol.RequestAuthCache - Auth cache not set in the context
18:53:11.741 [pool-1-thread-2] DEBUG com.intuit.karate - request:
1 > POST https://restful-booker.herokuapp.com/auth
1 > Accept: application/json
1 > Content-Type: application/json; charset=UTF-8
1 > Content-Length: 45
1 > Host: restful-booker.herokuapp.com
1 > Connection: Keep-Alive
1 > User-Agent: Apache-HttpClient/4.5.13 (Java/16.0.2)
1 > Accept-Encoding: gzip,deflate
{
  "username": "admin",
  "password": "password123"
}


18:53:11.745 [pool-1-thread-2] DEBUG karate.org.apache.http.impl.conn.PoolingHttpClientConnectionManager - Connection request: [route: {s}->https://restful-booker.herokuapp.com:443][total available: 0; route allocated: 0 of 5; total allocated: 0 of 10]
18:53:11.763 [pool-1-thread-2] DEBUG karate.org.apache.http.impl.conn.PoolingHttpClientConnectionManager - Connection leased: [id: 0][route: {s}->https://restful-booker.herokuapp.com:443][total available: 0; route allocated: 1 of 5; total allocated: 1 of 10]
18:53:11.767 [pool-1-thread-2] DEBUG karate.org.apache.http.impl.execchain.MainClientExec - Opening connection {s}->https://restful-booker.herokuapp.com:443
18:53:11.870 [pool-1-thread-2] DEBUG karate.org.apache.http.impl.conn.DefaultHttpClientConnectionOperator - Connecting to restful-booker.herokuapp.com/3.209.172.72:443
18:53:11.870 [pool-1-thread-2] DEBUG karate.org.apache.http.conn.ssl.SSLConnectionSocketFactory - Connecting socket to restful-booker.herokuapp.com/3.209.172.72:443 with timeout 30000
18:53:11.933 [pool-1-thread-2] DEBUG karate.org.apache.http.conn.ssl.SSLConnectionSocketFactory - Enabled protocols: [TLSv1.3, TLSv1.2]
18:53:11.933 [pool-1-thread-2] DEBUG karate.org.apache.http.conn.ssl.SSLConnectionSocketFactory - Enabled cipher suites:[TLS_AES_256_GCM_SHA384, TLS_AES_128_GCM_SHA256, TLS_CHACHA20_POLY1305_SHA256, TLS_ECDHE_ECDSA_WITH_AES_256_GCM_SHA384, TLS_ECDHE_ECDSA_WITH_AES_128_GCM_SHA256, TLS_ECDHE_ECDSA_WITH_CHACHA20_POLY1305_SHA256, TLS_ECDHE_RSA_WITH_AES_256_GCM_SHA384, TLS_ECDHE_RSA_WITH_CHACHA20_POLY1305_SHA256, TLS_ECDHE_RSA_WITH_AES_128_GCM_SHA256, TLS_DHE_RSA_WITH_AES_256_GCM_SHA384, TLS_DHE_RSA_WITH_CHACHA20_POLY1305_SHA256, TLS_DHE_DSS_WITH_AES_256_GCM_SHA384, TLS_DHE_RSA_WITH_AES_128_GCM_SHA256, TLS_DHE_DSS_WITH_AES_128_GCM_SHA256, TLS_ECDHE_ECDSA_WITH_AES_256_CBC_SHA384, TLS_ECDHE_RSA_WITH_AES_256_CBC_SHA384, TLS_ECDHE_ECDSA_WITH_AES_128_CBC_SHA256, TLS_ECDHE_RSA_WITH_AES_128_CBC_SHA256, TLS_DHE_RSA_WITH_AES_256_CBC_SHA256, TLS_DHE_DSS_WITH_AES_256_CBC_SHA256, TLS_DHE_RSA_WITH_AES_128_CBC_SHA256, TLS_DHE_DSS_WITH_AES_128_CBC_SHA256, TLS_ECDH_ECDSA_WITH_AES_256_GCM_SHA384, TLS_ECDH_RSA_WITH_AES_256_GCM_SHA384, TLS_ECDH_ECDSA_WITH_AES_128_GCM_SHA256, TLS_ECDH_RSA_WITH_AES_128_GCM_SHA256, TLS_ECDH_ECDSA_WITH_AES_256_CBC_SHA384, TLS_ECDH_RSA_WITH_AES_256_CBC_SHA384, TLS_ECDH_ECDSA_WITH_AES_128_CBC_SHA256, TLS_ECDH_RSA_WITH_AES_128_CBC_SHA256, TLS_ECDHE_ECDSA_WITH_AES_256_CBC_SHA, TLS_ECDHE_RSA_WITH_AES_256_CBC_SHA, TLS_ECDHE_ECDSA_WITH_AES_128_CBC_SHA, TLS_ECDHE_RSA_WITH_AES_128_CBC_SHA, TLS_DHE_RSA_WITH_AES_256_CBC_SHA, TLS_DHE_DSS_WITH_AES_256_CBC_SHA, TLS_DHE_RSA_WITH_AES_128_CBC_SHA, TLS_DHE_DSS_WITH_AES_128_CBC_SHA, TLS_ECDH_ECDSA_WITH_AES_256_CBC_SHA, TLS_ECDH_RSA_WITH_AES_256_CBC_SHA, TLS_ECDH_ECDSA_WITH_AES_128_CBC_SHA, TLS_ECDH_RSA_WITH_AES_128_CBC_SHA, TLS_RSA_WITH_AES_256_GCM_SHA384, TLS_RSA_WITH_AES_128_GCM_SHA256, TLS_RSA_WITH_AES_256_CBC_SHA256, TLS_RSA_WITH_AES_128_CBC_SHA256, TLS_RSA_WITH_AES_256_CBC_SHA, TLS_RSA_WITH_AES_128_CBC_SHA, TLS_EMPTY_RENEGOTIATION_INFO_SCSV]
18:53:11.933 [pool-1-thread-2] DEBUG karate.org.apache.http.conn.ssl.SSLConnectionSocketFactory - Starting handshake
18:53:14.110 [pool-1-thread-2] DEBUG karate.org.apache.http.conn.ssl.SSLConnectionSocketFactory - Secure session established
18:53:14.110 [pool-1-thread-2] DEBUG karate.org.apache.http.conn.ssl.SSLConnectionSocketFactory -  negotiated protocol: TLSv1.2
18:53:14.110 [pool-1-thread-2] DEBUG karate.org.apache.http.conn.ssl.SSLConnectionSocketFactory -  negotiated cipher suite: TLS_ECDHE_RSA_WITH_AES_128_GCM_SHA256
18:53:14.110 [pool-1-thread-2] DEBUG karate.org.apache.http.conn.ssl.SSLConnectionSocketFactory -  peer principal: CN=*.herokuapp.com
18:53:14.110 [pool-1-thread-2] DEBUG karate.org.apache.http.conn.ssl.SSLConnectionSocketFactory -  peer alternative names: [*.herokuapp.com]
18:53:14.126 [pool-1-thread-2] DEBUG karate.org.apache.http.conn.ssl.SSLConnectionSocketFactory -  issuer principal: CN=Amazon RSA 2048 M01, O=Amazon, C=US
18:53:14.126 [pool-1-thread-2] DEBUG karate.org.apache.http.impl.conn.DefaultHttpClientConnectionOperator - Connection established 192.168.0.102:64060<->3.209.172.72:443
18:53:14.126 [pool-1-thread-2] DEBUG karate.org.apache.http.impl.conn.DefaultManagedHttpClientConnection - http-outgoing-0: set socket timeout to 30000
18:53:14.126 [pool-1-thread-2] DEBUG karate.org.apache.http.impl.execchain.MainClientExec - Executing request POST /auth HTTP/1.1
18:53:14.126 [pool-1-thread-2] DEBUG karate.org.apache.http.impl.execchain.MainClientExec - Target auth state: UNCHALLENGED
18:53:14.126 [pool-1-thread-2] DEBUG karate.org.apache.http.impl.execchain.MainClientExec - Proxy auth state: UNCHALLENGED
18:53:14.126 [pool-1-thread-2] DEBUG karate.org.apache.http.headers - http-outgoing-0 >> POST /auth HTTP/1.1
18:53:14.126 [pool-1-thread-2] DEBUG karate.org.apache.http.headers - http-outgoing-0 >> Accept: application/json
18:53:14.126 [pool-1-thread-2] DEBUG karate.org.apache.http.headers - http-outgoing-0 >> Content-Type: application/json; charset=UTF-8
18:53:14.126 [pool-1-thread-2] DEBUG karate.org.apache.http.headers - http-outgoing-0 >> Content-Length: 45
18:53:14.126 [pool-1-thread-2] DEBUG karate.org.apache.http.headers - http-outgoing-0 >> Host: restful-booker.herokuapp.com
18:53:14.126 [pool-1-thread-2] DEBUG karate.org.apache.http.headers - http-outgoing-0 >> Connection: Keep-Alive
18:53:14.126 [pool-1-thread-2] DEBUG karate.org.apache.http.headers - http-outgoing-0 >> User-Agent: Apache-HttpClient/4.5.13 (Java/16.0.2)
18:53:14.126 [pool-1-thread-2] DEBUG karate.org.apache.http.headers - http-outgoing-0 >> Accept-Encoding: gzip,deflate
18:53:14.126 [pool-1-thread-2] DEBUG karate.org.apache.http.wire - http-outgoing-0 >> "POST /auth HTTP/1.1[\r][\n]"
18:53:14.126 [pool-1-thread-2] DEBUG karate.org.apache.http.wire - http-outgoing-0 >> "Accept: application/json[\r][\n]"
18:53:14.126 [pool-1-thread-2] DEBUG karate.org.apache.http.wire - http-outgoing-0 >> "Content-Type: application/json; charset=UTF-8[\r][\n]"
18:53:14.126 [pool-1-thread-2] DEBUG karate.org.apache.http.wire - http-outgoing-0 >> "Content-Length: 45[\r][\n]"
18:53:14.126 [pool-1-thread-2] DEBUG karate.org.apache.http.wire - http-outgoing-0 >> "Host: restful-booker.herokuapp.com[\r][\n]"
18:53:14.126 [pool-1-thread-2] DEBUG karate.org.apache.http.wire - http-outgoing-0 >> "Connection: Keep-Alive[\r][\n]"
18:53:14.126 [pool-1-thread-2] DEBUG karate.org.apache.http.wire - http-outgoing-0 >> "User-Agent: Apache-HttpClient/4.5.13 (Java/16.0.2)[\r][\n]"
18:53:14.126 [pool-1-thread-2] DEBUG karate.org.apache.http.wire - http-outgoing-0 >> "Accept-Encoding: gzip,deflate[\r][\n]"
18:53:14.126 [pool-1-thread-2] DEBUG karate.org.apache.http.wire - http-outgoing-0 >> "[\r][\n]"
18:53:14.126 [pool-1-thread-2] DEBUG karate.org.apache.http.wire - http-outgoing-0 >> "{"username":"admin","password":"password123"}"
18:53:14.505 [pool-1-thread-2] DEBUG karate.org.apache.http.wire - http-outgoing-0 << "HTTP/1.1 200 OK[\r][\n]"
18:53:14.505 [pool-1-thread-2] DEBUG karate.org.apache.http.wire - http-outgoing-0 << "Server: Cowboy[\r][\n]"
18:53:14.505 [pool-1-thread-2] DEBUG karate.org.apache.http.wire - http-outgoing-0 << "Report-To: {"group":"heroku-nel","max_age":3600,"endpoints":[{"url":"https://nel.heroku.com/reports?ts=1709040195&sid=c46efe9b-d3d2-4a0c-8c76-bfafa16c5add&s=VRHrU59zZ7nDpeeYL1L3uIGtpDHCRhkhxOMxYGwCwWg%3D"}]}[\r][\n]"
18:53:14.505 [pool-1-thread-2] DEBUG karate.org.apache.http.wire - http-outgoing-0 << "Reporting-Endpoints: heroku-nel=https://nel.heroku.com/reports?ts=1709040195&sid=c46efe9b-d3d2-4a0c-8c76-bfafa16c5add&s=VRHrU59zZ7nDpeeYL1L3uIGtpDHCRhkhxOMxYGwCwWg%3D[\r][\n]"
18:53:14.505 [pool-1-thread-2] DEBUG karate.org.apache.http.wire - http-outgoing-0 << "Nel: {"report_to":"heroku-nel","max_age":3600,"success_fraction":0.005,"failure_fraction":0.05,"response_headers":["Via"]}[\r][\n]"
18:53:14.505 [pool-1-thread-2] DEBUG karate.org.apache.http.wire - http-outgoing-0 << "Connection: keep-alive[\r][\n]"
18:53:14.505 [pool-1-thread-2] DEBUG karate.org.apache.http.wire - http-outgoing-0 << "X-Powered-By: Express[\r][\n]"
18:53:14.505 [pool-1-thread-2] DEBUG karate.org.apache.http.wire - http-outgoing-0 << "Content-Type: application/json; charset=utf-8[\r][\n]"
18:53:14.505 [pool-1-thread-2] DEBUG karate.org.apache.http.wire - http-outgoing-0 << "Content-Length: 27[\r][\n]"
18:53:14.505 [pool-1-thread-2] DEBUG karate.org.apache.http.wire - http-outgoing-0 << "Etag: W/"1b-EVNIw26gzdqnFQid5+rJ2fcEMg0"[\r][\n]"
18:53:14.505 [pool-1-thread-2] DEBUG karate.org.apache.http.wire - http-outgoing-0 << "Date: Tue, 27 Feb 2024 13:23:15 GMT[\r][\n]"
18:53:14.505 [pool-1-thread-2] DEBUG karate.org.apache.http.wire - http-outgoing-0 << "Via: 1.1 vegur[\r][\n]"
18:53:14.505 [pool-1-thread-2] DEBUG karate.org.apache.http.wire - http-outgoing-0 << "[\r][\n]"
18:53:14.505 [pool-1-thread-2] DEBUG karate.org.apache.http.wire - http-outgoing-0 << "{"token":"005e13c41d265d8"}"
18:53:14.520 [pool-1-thread-2] DEBUG karate.org.apache.http.headers - http-outgoing-0 << HTTP/1.1 200 OK
18:53:14.520 [pool-1-thread-2] DEBUG karate.org.apache.http.headers - http-outgoing-0 << Server: Cowboy
18:53:14.520 [pool-1-thread-2] DEBUG karate.org.apache.http.headers - http-outgoing-0 << Report-To: {"group":"heroku-nel","max_age":3600,"endpoints":[{"url":"https://nel.heroku.com/reports?ts=1709040195&sid=c46efe9b-d3d2-4a0c-8c76-bfafa16c5add&s=VRHrU59zZ7nDpeeYL1L3uIGtpDHCRhkhxOMxYGwCwWg%3D"}]}
18:53:14.520 [pool-1-thread-2] DEBUG karate.org.apache.http.headers - http-outgoing-0 << Reporting-Endpoints: heroku-nel=https://nel.heroku.com/reports?ts=1709040195&sid=c46efe9b-d3d2-4a0c-8c76-bfafa16c5add&s=VRHrU59zZ7nDpeeYL1L3uIGtpDHCRhkhxOMxYGwCwWg%3D
18:53:14.520 [pool-1-thread-2] DEBUG karate.org.apache.http.headers - http-outgoing-0 << Nel: {"report_to":"heroku-nel","max_age":3600,"success_fraction":0.005,"failure_fraction":0.05,"response_headers":["Via"]}
18:53:14.520 [pool-1-thread-2] DEBUG karate.org.apache.http.headers - http-outgoing-0 << Connection: keep-alive
18:53:14.520 [pool-1-thread-2] DEBUG karate.org.apache.http.headers - http-outgoing-0 << X-Powered-By: Express
18:53:14.520 [pool-1-thread-2] DEBUG karate.org.apache.http.headers - http-outgoing-0 << Content-Type: application/json; charset=utf-8
18:53:14.520 [pool-1-thread-2] DEBUG karate.org.apache.http.headers - http-outgoing-0 << Content-Length: 27
18:53:14.520 [pool-1-thread-2] DEBUG karate.org.apache.http.headers - http-outgoing-0 << Etag: W/"1b-EVNIw26gzdqnFQid5+rJ2fcEMg0"
18:53:14.520 [pool-1-thread-2] DEBUG karate.org.apache.http.headers - http-outgoing-0 << Date: Tue, 27 Feb 2024 13:23:15 GMT
18:53:14.520 [pool-1-thread-2] DEBUG karate.org.apache.http.headers - http-outgoing-0 << Via: 1.1 vegur
18:53:14.520 [pool-1-thread-2] DEBUG karate.org.apache.http.impl.execchain.MainClientExec - Connection can be kept alive indefinitely
18:53:14.520 [pool-1-thread-2] DEBUG karate.org.apache.http.impl.conn.PoolingHttpClientConnectionManager - Connection [id: 0][route: {s}->https://restful-booker.herokuapp.com:443] can be kept alive indefinitely
18:53:14.520 [pool-1-thread-2] DEBUG karate.org.apache.http.impl.conn.DefaultManagedHttpClientConnection - http-outgoing-0: set socket timeout to 0
18:53:14.520 [pool-1-thread-2] DEBUG karate.org.apache.http.impl.conn.PoolingHttpClientConnectionManager - Connection released: [id: 0][route: {s}->https://restful-booker.herokuapp.com:443][total available: 1; route allocated: 1 of 5; total allocated: 1 of 10]
18:53:14.520 [pool-1-thread-2] DEBUG com.intuit.karate - response time in milliseconds: 2778
1 < 200
1 < Server: Cowboy
1 < Report-To: {"group":"heroku-nel","max_age":3600,"endpoints":[{"url":"https://nel.heroku.com/reports?ts=1709040195&sid=c46efe9b-d3d2-4a0c-8c76-bfafa16c5add&s=VRHrU59zZ7nDpeeYL1L3uIGtpDHCRhkhxOMxYGwCwWg%3D"}]}
1 < Reporting-Endpoints: heroku-nel=https://nel.heroku.com/reports?ts=1709040195&sid=c46efe9b-d3d2-4a0c-8c76-bfafa16c5add&s=VRHrU59zZ7nDpeeYL1L3uIGtpDHCRhkhxOMxYGwCwWg%3D
1 < Nel: {"report_to":"heroku-nel","max_age":3600,"success_fraction":0.005,"failure_fraction":0.05,"response_headers":["Via"]}
1 < Connection: keep-alive
1 < X-Powered-By: Express
1 < Content-Type: application/json; charset=utf-8
1 < Content-Length: 27
1 < Etag: W/"1b-EVNIw26gzdqnFQid5+rJ2fcEMg0"
1 < Date: Tue, 27 Feb 2024 13:23:15 GMT
1 < Via: 1.1 vegur
{
  "token": "005e13c41d265d8"
}

18:53:14.537 [pool-1-thread-2] DEBUG com.jayway.jsonpath.internal.path.CompiledPath - Evaluating path: $['token']
18:53:14.552 [pool-1-thread-2] INFO com.intuit.karate - [print] 005e13c41d265d8 
18:53:14.552 [pool-1-thread-2] INFO com.intuit.karate - << lock released, cached callSingle: classpath:features/token/createToken.feature
18:53:14.552 [pool-1-thread-1] WARN com.intuit.karate - this thread waited 3348 milliseconds for callSingle lock: classpath:features/token/createToken.feature
18:53:14.552 [pool-1-thread-3] WARN com.intuit.karate - this thread waited 3348 milliseconds for callSingle lock: classpath:features/token/createToken.feature
18:53:14.577 [pool-1-thread-2] DEBUG karate.org.apache.http.client.protocol.RequestAddCookies - CookieSpec selected: karate
18:53:14.577 [pool-1-thread-2] DEBUG karate.org.apache.http.client.protocol.RequestAuthCache - Auth cache not set in the context
18:53:14.577 [pool-1-thread-2] DEBUG com.intuit.karate - request:
1 > GET https://restful-booker.herokuapp.com/booking
1 > Authorization: Token undefined
1 > Host: restful-booker.herokuapp.com
1 > Connection: Keep-Alive
1 > User-Agent: Apache-HttpClient/4.5.13 (Java/16.0.2)
1 > Accept-Encoding: gzip,deflate


18:53:14.577 [pool-1-thread-2] DEBUG karate.org.apache.http.impl.conn.PoolingHttpClientConnectionManager - Connection request: [route: {s}->https://restful-booker.herokuapp.com:443][total available: 0; route allocated: 0 of 5; total allocated: 0 of 10]
18:53:14.577 [pool-1-thread-2] DEBUG karate.org.apache.http.impl.conn.PoolingHttpClientConnectionManager - Connection leased: [id: 1][route: {s}->https://restful-booker.herokuapp.com:443][total available: 0; route allocated: 1 of 5; total allocated: 1 of 10]
18:53:14.577 [pool-1-thread-2] DEBUG karate.org.apache.http.impl.execchain.MainClientExec - Opening connection {s}->https://restful-booker.herokuapp.com:443
18:53:14.577 [pool-1-thread-2] DEBUG karate.org.apache.http.impl.conn.DefaultHttpClientConnectionOperator - Connecting to restful-booker.herokuapp.com/3.209.172.72:443
18:53:14.577 [pool-1-thread-2] DEBUG karate.org.apache.http.conn.ssl.SSLConnectionSocketFactory - Connecting socket to restful-booker.herokuapp.com/3.209.172.72:443 with timeout 30000
18:53:14.577 [pool-1-thread-2] DEBUG karate.org.apache.http.conn.ssl.SSLConnectionSocketFactory - Enabled protocols: [TLSv1.3, TLSv1.2]
18:53:14.590 [pool-1-thread-2] DEBUG karate.org.apache.http.conn.ssl.SSLConnectionSocketFactory - Enabled cipher suites:[TLS_AES_256_GCM_SHA384, TLS_AES_128_GCM_SHA256, TLS_CHACHA20_POLY1305_SHA256, TLS_ECDHE_ECDSA_WITH_AES_256_GCM_SHA384, TLS_ECDHE_ECDSA_WITH_AES_128_GCM_SHA256, TLS_ECDHE_ECDSA_WITH_CHACHA20_POLY1305_SHA256, TLS_ECDHE_RSA_WITH_AES_256_GCM_SHA384, TLS_ECDHE_RSA_WITH_CHACHA20_POLY1305_SHA256, TLS_ECDHE_RSA_WITH_AES_128_GCM_SHA256, TLS_DHE_RSA_WITH_AES_256_GCM_SHA384, TLS_DHE_RSA_WITH_CHACHA20_POLY1305_SHA256, TLS_DHE_DSS_WITH_AES_256_GCM_SHA384, TLS_DHE_RSA_WITH_AES_128_GCM_SHA256, TLS_DHE_DSS_WITH_AES_128_GCM_SHA256, TLS_ECDHE_ECDSA_WITH_AES_256_CBC_SHA384, TLS_ECDHE_RSA_WITH_AES_256_CBC_SHA384, TLS_ECDHE_ECDSA_WITH_AES_128_CBC_SHA256, TLS_ECDHE_RSA_WITH_AES_128_CBC_SHA256, TLS_DHE_RSA_WITH_AES_256_CBC_SHA256, TLS_DHE_DSS_WITH_AES_256_CBC_SHA256, TLS_DHE_RSA_WITH_AES_128_CBC_SHA256, TLS_DHE_DSS_WITH_AES_128_CBC_SHA256, TLS_ECDH_ECDSA_WITH_AES_256_GCM_SHA384, TLS_ECDH_RSA_WITH_AES_256_GCM_SHA384, TLS_ECDH_ECDSA_WITH_AES_128_GCM_SHA256, TLS_ECDH_RSA_WITH_AES_128_GCM_SHA256, TLS_ECDH_ECDSA_WITH_AES_256_CBC_SHA384, TLS_ECDH_RSA_WITH_AES_256_CBC_SHA384, TLS_ECDH_ECDSA_WITH_AES_128_CBC_SHA256, TLS_ECDH_RSA_WITH_AES_128_CBC_SHA256, TLS_ECDHE_ECDSA_WITH_AES_256_CBC_SHA, TLS_ECDHE_RSA_WITH_AES_256_CBC_SHA, TLS_ECDHE_ECDSA_WITH_AES_128_CBC_SHA, TLS_ECDHE_RSA_WITH_AES_128_CBC_SHA, TLS_DHE_RSA_WITH_AES_256_CBC_SHA, TLS_DHE_DSS_WITH_AES_256_CBC_SHA, TLS_DHE_RSA_WITH_AES_128_CBC_SHA, TLS_DHE_DSS_WITH_AES_128_CBC_SHA, TLS_ECDH_ECDSA_WITH_AES_256_CBC_SHA, TLS_ECDH_RSA_WITH_AES_256_CBC_SHA, TLS_ECDH_ECDSA_WITH_AES_128_CBC_SHA, TLS_ECDH_RSA_WITH_AES_128_CBC_SHA, TLS_RSA_WITH_AES_256_GCM_SHA384, TLS_RSA_WITH_AES_128_GCM_SHA256, TLS_RSA_WITH_AES_256_CBC_SHA256, TLS_RSA_WITH_AES_128_CBC_SHA256, TLS_RSA_WITH_AES_256_CBC_SHA, TLS_RSA_WITH_AES_128_CBC_SHA, TLS_EMPTY_RENEGOTIATION_INFO_SCSV]
18:53:14.590 [pool-1-thread-3] INFO com.intuit.karate.core.FeatureRuntime - classpath:features/token/createToken.feature - call by tag at line 8: CreateToken
18:53:14.590 [pool-1-thread-2] DEBUG karate.org.apache.http.conn.ssl.SSLConnectionSocketFactory - Starting handshake
18:53:14.590 [pool-1-thread-1] INFO com.intuit.karate.core.FeatureRuntime - classpath:features/token/createToken.feature - call by tag at line 8: CreateToken
18:53:14.605 [pool-1-thread-1] DEBUG com.jayway.jsonpath.internal.path.CompiledPath - Evaluating path: $
18:53:14.610 [pool-1-thread-3] DEBUG com.jayway.jsonpath.internal.path.CompiledPath - Evaluating path: $
18:53:14.610 [pool-1-thread-1] DEBUG com.jayway.jsonpath.internal.path.CompiledPath - Evaluating path: $
18:53:14.610 [pool-1-thread-3] DEBUG com.jayway.jsonpath.internal.path.CompiledPath - Evaluating path: $
18:53:14.610 [pool-1-thread-1] DEBUG karate.org.apache.http.client.protocol.RequestAddCookies - CookieSpec selected: karate
18:53:14.610 [pool-1-thread-1] DEBUG karate.org.apache.http.client.protocol.RequestAuthCache - Auth cache not set in the context
18:53:14.610 [pool-1-thread-1] DEBUG com.intuit.karate - request:
1 > POST https://restful-booker.herokuapp.com/auth
1 > Accept: application/json
1 > Authorization: Token undefined
1 > Content-Type: application/json; charset=UTF-8
1 > Content-Length: 45
1 > Host: restful-booker.herokuapp.com
1 > Connection: Keep-Alive
1 > User-Agent: Apache-HttpClient/4.5.13 (Java/16.0.2)
1 > Accept-Encoding: gzip,deflate
{
  "username": "admin",
  "password": "password123"
}


18:53:14.610 [pool-1-thread-1] DEBUG karate.org.apache.http.impl.conn.PoolingHttpClientConnectionManager - Connection request: [route: {s}->https://restful-booker.herokuapp.com:443][total available: 0; route allocated: 0 of 5; total allocated: 0 of 10]
18:53:14.610 [pool-1-thread-1] DEBUG karate.org.apache.http.impl.conn.PoolingHttpClientConnectionManager - Connection leased: [id: 2][route: {s}->https://restful-booker.herokuapp.com:443][total available: 0; route allocated: 1 of 5; total allocated: 1 of 10]
18:53:14.610 [pool-1-thread-1] DEBUG karate.org.apache.http.impl.execchain.MainClientExec - Opening connection {s}->https://restful-booker.herokuapp.com:443
18:53:14.610 [pool-1-thread-1] DEBUG karate.org.apache.http.impl.conn.DefaultHttpClientConnectionOperator - Connecting to restful-booker.herokuapp.com/3.209.172.72:443
18:53:14.610 [pool-1-thread-1] DEBUG karate.org.apache.http.conn.ssl.SSLConnectionSocketFactory - Connecting socket to restful-booker.herokuapp.com/3.209.172.72:443 with timeout 30000
18:53:14.621 [pool-1-thread-1] DEBUG karate.org.apache.http.conn.ssl.SSLConnectionSocketFactory - Enabled protocols: [TLSv1.3, TLSv1.2]
18:53:14.621 [pool-1-thread-1] DEBUG karate.org.apache.http.conn.ssl.SSLConnectionSocketFactory - Enabled cipher suites:[TLS_AES_256_GCM_SHA384, TLS_AES_128_GCM_SHA256, TLS_CHACHA20_POLY1305_SHA256, TLS_ECDHE_ECDSA_WITH_AES_256_GCM_SHA384, TLS_ECDHE_ECDSA_WITH_AES_128_GCM_SHA256, TLS_ECDHE_ECDSA_WITH_CHACHA20_POLY1305_SHA256, TLS_ECDHE_RSA_WITH_AES_256_GCM_SHA384, TLS_ECDHE_RSA_WITH_CHACHA20_POLY1305_SHA256, TLS_ECDHE_RSA_WITH_AES_128_GCM_SHA256, TLS_DHE_RSA_WITH_AES_256_GCM_SHA384, TLS_DHE_RSA_WITH_CHACHA20_POLY1305_SHA256, TLS_DHE_DSS_WITH_AES_256_GCM_SHA384, TLS_DHE_RSA_WITH_AES_128_GCM_SHA256, TLS_DHE_DSS_WITH_AES_128_GCM_SHA256, TLS_ECDHE_ECDSA_WITH_AES_256_CBC_SHA384, TLS_ECDHE_RSA_WITH_AES_256_CBC_SHA384, TLS_ECDHE_ECDSA_WITH_AES_128_CBC_SHA256, TLS_ECDHE_RSA_WITH_AES_128_CBC_SHA256, TLS_DHE_RSA_WITH_AES_256_CBC_SHA256, TLS_DHE_DSS_WITH_AES_256_CBC_SHA256, TLS_DHE_RSA_WITH_AES_128_CBC_SHA256, TLS_DHE_DSS_WITH_AES_128_CBC_SHA256, TLS_ECDH_ECDSA_WITH_AES_256_GCM_SHA384, TLS_ECDH_RSA_WITH_AES_256_GCM_SHA384, TLS_ECDH_ECDSA_WITH_AES_128_GCM_SHA256, TLS_ECDH_RSA_WITH_AES_128_GCM_SHA256, TLS_ECDH_ECDSA_WITH_AES_256_CBC_SHA384, TLS_ECDH_RSA_WITH_AES_256_CBC_SHA384, TLS_ECDH_ECDSA_WITH_AES_128_CBC_SHA256, TLS_ECDH_RSA_WITH_AES_128_CBC_SHA256, TLS_ECDHE_ECDSA_WITH_AES_256_CBC_SHA, TLS_ECDHE_RSA_WITH_AES_256_CBC_SHA, TLS_ECDHE_ECDSA_WITH_AES_128_CBC_SHA, TLS_ECDHE_RSA_WITH_AES_128_CBC_SHA, TLS_DHE_RSA_WITH_AES_256_CBC_SHA, TLS_DHE_DSS_WITH_AES_256_CBC_SHA, TLS_DHE_RSA_WITH_AES_128_CBC_SHA, TLS_DHE_DSS_WITH_AES_128_CBC_SHA, TLS_ECDH_ECDSA_WITH_AES_256_CBC_SHA, TLS_ECDH_RSA_WITH_AES_256_CBC_SHA, TLS_ECDH_ECDSA_WITH_AES_128_CBC_SHA, TLS_ECDH_RSA_WITH_AES_128_CBC_SHA, TLS_RSA_WITH_AES_256_GCM_SHA384, TLS_RSA_WITH_AES_128_GCM_SHA256, TLS_RSA_WITH_AES_256_CBC_SHA256, TLS_RSA_WITH_AES_128_CBC_SHA256, TLS_RSA_WITH_AES_256_CBC_SHA, TLS_RSA_WITH_AES_128_CBC_SHA, TLS_EMPTY_RENEGOTIATION_INFO_SCSV]
18:53:14.621 [pool-1-thread-1] DEBUG karate.org.apache.http.conn.ssl.SSLConnectionSocketFactory - Starting handshake
18:53:14.621 [pool-1-thread-3] DEBUG karate.org.apache.http.client.protocol.RequestAddCookies - CookieSpec selected: karate
18:53:14.621 [pool-1-thread-3] DEBUG karate.org.apache.http.client.protocol.RequestAuthCache - Auth cache not set in the context
18:53:14.621 [pool-1-thread-3] DEBUG com.intuit.karate - request:
1 > POST https://restful-booker.herokuapp.com/auth
1 > Accept: application/json
1 > Authorization: Token undefined
1 > Content-Type: application/json; charset=UTF-8
1 > Content-Length: 45
1 > Host: restful-booker.herokuapp.com
1 > Connection: Keep-Alive
1 > User-Agent: Apache-HttpClient/4.5.13 (Java/16.0.2)
1 > Accept-Encoding: gzip,deflate
{
  "username": "admin",
  "password": "password123"
}


18:53:14.621 [pool-1-thread-3] DEBUG karate.org.apache.http.impl.conn.PoolingHttpClientConnectionManager - Connection request: [route: {s}->https://restful-booker.herokuapp.com:443][total available: 0; route allocated: 0 of 5; total allocated: 0 of 10]
18:53:14.621 [pool-1-thread-3] DEBUG karate.org.apache.http.impl.conn.PoolingHttpClientConnectionManager - Connection leased: [id: 3][route: {s}->https://restful-booker.herokuapp.com:443][total available: 0; route allocated: 1 of 5; total allocated: 1 of 10]
18:53:14.621 [pool-1-thread-3] DEBUG karate.org.apache.http.impl.execchain.MainClientExec - Opening connection {s}->https://restful-booker.herokuapp.com:443
18:53:14.621 [pool-1-thread-3] DEBUG karate.org.apache.http.impl.conn.DefaultHttpClientConnectionOperator - Connecting to restful-booker.herokuapp.com/3.209.172.72:443
18:53:14.621 [pool-1-thread-3] DEBUG karate.org.apache.http.conn.ssl.SSLConnectionSocketFactory - Connecting socket to restful-booker.herokuapp.com/3.209.172.72:443 with timeout 30000
18:53:14.621 [pool-1-thread-3] DEBUG karate.org.apache.http.conn.ssl.SSLConnectionSocketFactory - Enabled protocols: [TLSv1.3, TLSv1.2]
18:53:14.621 [pool-1-thread-3] DEBUG karate.org.apache.http.conn.ssl.SSLConnectionSocketFactory - Enabled cipher suites:[TLS_AES_256_GCM_SHA384, TLS_AES_128_GCM_SHA256, TLS_CHACHA20_POLY1305_SHA256, TLS_ECDHE_ECDSA_WITH_AES_256_GCM_SHA384, TLS_ECDHE_ECDSA_WITH_AES_128_GCM_SHA256, TLS_ECDHE_ECDSA_WITH_CHACHA20_POLY1305_SHA256, TLS_ECDHE_RSA_WITH_AES_256_GCM_SHA384, TLS_ECDHE_RSA_WITH_CHACHA20_POLY1305_SHA256, TLS_ECDHE_RSA_WITH_AES_128_GCM_SHA256, TLS_DHE_RSA_WITH_AES_256_GCM_SHA384, TLS_DHE_RSA_WITH_CHACHA20_POLY1305_SHA256, TLS_DHE_DSS_WITH_AES_256_GCM_SHA384, TLS_DHE_RSA_WITH_AES_128_GCM_SHA256, TLS_DHE_DSS_WITH_AES_128_GCM_SHA256, TLS_ECDHE_ECDSA_WITH_AES_256_CBC_SHA384, TLS_ECDHE_RSA_WITH_AES_256_CBC_SHA384, TLS_ECDHE_ECDSA_WITH_AES_128_CBC_SHA256, TLS_ECDHE_RSA_WITH_AES_128_CBC_SHA256, TLS_DHE_RSA_WITH_AES_256_CBC_SHA256, TLS_DHE_DSS_WITH_AES_256_CBC_SHA256, TLS_DHE_RSA_WITH_AES_128_CBC_SHA256, TLS_DHE_DSS_WITH_AES_128_CBC_SHA256, TLS_ECDH_ECDSA_WITH_AES_256_GCM_SHA384, TLS_ECDH_RSA_WITH_AES_256_GCM_SHA384, TLS_ECDH_ECDSA_WITH_AES_128_GCM_SHA256, TLS_ECDH_RSA_WITH_AES_128_GCM_SHA256, TLS_ECDH_ECDSA_WITH_AES_256_CBC_SHA384, TLS_ECDH_RSA_WITH_AES_256_CBC_SHA384, TLS_ECDH_ECDSA_WITH_AES_128_CBC_SHA256, TLS_ECDH_RSA_WITH_AES_128_CBC_SHA256, TLS_ECDHE_ECDSA_WITH_AES_256_CBC_SHA, TLS_ECDHE_RSA_WITH_AES_256_CBC_SHA, TLS_ECDHE_ECDSA_WITH_AES_128_CBC_SHA, TLS_ECDHE_RSA_WITH_AES_128_CBC_SHA, TLS_DHE_RSA_WITH_AES_256_CBC_SHA, TLS_DHE_DSS_WITH_AES_256_CBC_SHA, TLS_DHE_RSA_WITH_AES_128_CBC_SHA, TLS_DHE_DSS_WITH_AES_128_CBC_SHA, TLS_ECDH_ECDSA_WITH_AES_256_CBC_SHA, TLS_ECDH_RSA_WITH_AES_256_CBC_SHA, TLS_ECDH_ECDSA_WITH_AES_128_CBC_SHA, TLS_ECDH_RSA_WITH_AES_128_CBC_SHA, TLS_RSA_WITH_AES_256_GCM_SHA384, TLS_RSA_WITH_AES_128_GCM_SHA256, TLS_RSA_WITH_AES_256_CBC_SHA256, TLS_RSA_WITH_AES_128_CBC_SHA256, TLS_RSA_WITH_AES_256_CBC_SHA, TLS_RSA_WITH_AES_128_CBC_SHA, TLS_EMPTY_RENEGOTIATION_INFO_SCSV]
18:53:14.621 [pool-1-thread-3] DEBUG karate.org.apache.http.conn.ssl.SSLConnectionSocketFactory - Starting handshake
18:53:15.332 [pool-1-thread-2] DEBUG karate.org.apache.http.conn.ssl.SSLConnectionSocketFactory - Secure session established
18:53:15.348 [pool-1-thread-1] DEBUG karate.org.apache.http.conn.ssl.SSLConnectionSocketFactory - Secure session established
18:53:15.348 [pool-1-thread-2] DEBUG karate.org.apache.http.conn.ssl.SSLConnectionSocketFactory -  negotiated protocol: TLSv1.2
18:53:15.348 [pool-1-thread-3] DEBUG karate.org.apache.http.conn.ssl.SSLConnectionSocketFactory - Secure session established
18:53:15.348 [pool-1-thread-1] DEBUG karate.org.apache.http.conn.ssl.SSLConnectionSocketFactory -  negotiated protocol: TLSv1.2
18:53:15.348 [pool-1-thread-2] DEBUG karate.org.apache.http.conn.ssl.SSLConnectionSocketFactory -  negotiated cipher suite: TLS_ECDHE_RSA_WITH_AES_128_GCM_SHA256
18:53:15.348 [pool-1-thread-3] DEBUG karate.org.apache.http.conn.ssl.SSLConnectionSocketFactory -  negotiated protocol: TLSv1.2
18:53:15.348 [pool-1-thread-2] DEBUG karate.org.apache.http.conn.ssl.SSLConnectionSocketFactory -  peer principal: CN=*.herokuapp.com
18:53:15.348 [pool-1-thread-1] DEBUG karate.org.apache.http.conn.ssl.SSLConnectionSocketFactory -  negotiated cipher suite: TLS_ECDHE_RSA_WITH_AES_128_GCM_SHA256
18:53:15.348 [pool-1-thread-2] DEBUG karate.org.apache.http.conn.ssl.SSLConnectionSocketFactory -  peer alternative names: [*.herokuapp.com]
18:53:15.348 [pool-1-thread-1] DEBUG karate.org.apache.http.conn.ssl.SSLConnectionSocketFactory -  peer principal: CN=*.herokuapp.com
18:53:15.348 [pool-1-thread-3] DEBUG karate.org.apache.http.conn.ssl.SSLConnectionSocketFactory -  negotiated cipher suite: TLS_ECDHE_RSA_WITH_AES_128_GCM_SHA256
18:53:15.348 [pool-1-thread-2] DEBUG karate.org.apache.http.conn.ssl.SSLConnectionSocketFactory -  issuer principal: CN=Amazon RSA 2048 M01, O=Amazon, C=US
18:53:15.348 [pool-1-thread-1] DEBUG karate.org.apache.http.conn.ssl.SSLConnectionSocketFactory -  peer alternative names: [*.herokuapp.com]
18:53:15.348 [pool-1-thread-3] DEBUG karate.org.apache.http.conn.ssl.SSLConnectionSocketFactory -  peer principal: CN=*.herokuapp.com
18:53:15.348 [pool-1-thread-1] DEBUG karate.org.apache.http.conn.ssl.SSLConnectionSocketFactory -  issuer principal: CN=Amazon RSA 2048 M01, O=Amazon, C=US
18:53:15.348 [pool-1-thread-3] DEBUG karate.org.apache.http.conn.ssl.SSLConnectionSocketFactory -  peer alternative names: [*.herokuapp.com]
18:53:15.348 [pool-1-thread-3] DEBUG karate.org.apache.http.conn.ssl.SSLConnectionSocketFactory -  issuer principal: CN=Amazon RSA 2048 M01, O=Amazon, C=US
18:53:15.348 [pool-1-thread-2] DEBUG karate.org.apache.http.impl.conn.DefaultHttpClientConnectionOperator - Connection established 192.168.0.102:64070<->3.209.172.72:443
18:53:15.348 [pool-1-thread-1] DEBUG karate.org.apache.http.impl.conn.DefaultHttpClientConnectionOperator - Connection established 192.168.0.102:64072<->3.209.172.72:443
18:53:15.348 [pool-1-thread-2] DEBUG karate.org.apache.http.impl.conn.DefaultManagedHttpClientConnection - http-outgoing-1: set socket timeout to 30000
18:53:15.348 [pool-1-thread-3] DEBUG karate.org.apache.http.impl.conn.DefaultHttpClientConnectionOperator - Connection established 192.168.0.102:64073<->3.209.172.72:443
18:53:15.348 [pool-1-thread-2] DEBUG karate.org.apache.http.impl.execchain.MainClientExec - Executing request GET /booking HTTP/1.1
18:53:15.348 [pool-1-thread-1] DEBUG karate.org.apache.http.impl.conn.DefaultManagedHttpClientConnection - http-outgoing-2: set socket timeout to 30000
18:53:15.348 [pool-1-thread-3] DEBUG karate.org.apache.http.impl.conn.DefaultManagedHttpClientConnection - http-outgoing-3: set socket timeout to 30000
18:53:15.348 [pool-1-thread-2] DEBUG karate.org.apache.http.impl.execchain.MainClientExec - Proxy auth state: UNCHALLENGED
18:53:15.348 [pool-1-thread-1] DEBUG karate.org.apache.http.impl.execchain.MainClientExec - Executing request POST /auth HTTP/1.1
18:53:15.348 [pool-1-thread-1] DEBUG karate.org.apache.http.impl.execchain.MainClientExec - Proxy auth state: UNCHALLENGED
18:53:15.348 [pool-1-thread-3] DEBUG karate.org.apache.http.impl.execchain.MainClientExec - Executing request POST /auth HTTP/1.1
18:53:15.348 [pool-1-thread-2] DEBUG karate.org.apache.http.headers - http-outgoing-1 >> GET /booking HTTP/1.1
18:53:15.348 [pool-1-thread-3] DEBUG karate.org.apache.http.impl.execchain.MainClientExec - Proxy auth state: UNCHALLENGED
18:53:15.348 [pool-1-thread-2] DEBUG karate.org.apache.http.headers - http-outgoing-1 >> Authorization: Token undefined
18:53:15.348 [pool-1-thread-1] DEBUG karate.org.apache.http.headers - http-outgoing-2 >> POST /auth HTTP/1.1
18:53:15.348 [pool-1-thread-2] DEBUG karate.org.apache.http.headers - http-outgoing-1 >> Host: restful-booker.herokuapp.com
18:53:15.348 [pool-1-thread-3] DEBUG karate.org.apache.http.headers - http-outgoing-3 >> POST /auth HTTP/1.1
18:53:15.348 [pool-1-thread-2] DEBUG karate.org.apache.http.headers - http-outgoing-1 >> Connection: Keep-Alive
18:53:15.348 [pool-1-thread-3] DEBUG karate.org.apache.http.headers - http-outgoing-3 >> Accept: application/json
18:53:15.348 [pool-1-thread-2] DEBUG karate.org.apache.http.headers - http-outgoing-1 >> User-Agent: Apache-HttpClient/4.5.13 (Java/16.0.2)
18:53:15.348 [pool-1-thread-3] DEBUG karate.org.apache.http.headers - http-outgoing-3 >> Authorization: Token undefined
18:53:15.348 [pool-1-thread-2] DEBUG karate.org.apache.http.headers - http-outgoing-1 >> Accept-Encoding: gzip,deflate
18:53:15.348 [pool-1-thread-3] DEBUG karate.org.apache.http.headers - http-outgoing-3 >> Content-Type: application/json; charset=UTF-8
18:53:15.348 [pool-1-thread-1] DEBUG karate.org.apache.http.headers - http-outgoing-2 >> Accept: application/json
18:53:15.348 [pool-1-thread-2] DEBUG karate.org.apache.http.wire - http-outgoing-1 >> "GET /booking HTTP/1.1[\r][\n]"
18:53:15.348 [pool-1-thread-1] DEBUG karate.org.apache.http.headers - http-outgoing-2 >> Authorization: Token undefined
18:53:15.348 [pool-1-thread-3] DEBUG karate.org.apache.http.headers - http-outgoing-3 >> Content-Length: 45
18:53:15.348 [pool-1-thread-2] DEBUG karate.org.apache.http.wire - http-outgoing-1 >> "Authorization: Token undefined[\r][\n]"
18:53:15.348 [pool-1-thread-3] DEBUG karate.org.apache.http.headers - http-outgoing-3 >> Host: restful-booker.herokuapp.com
18:53:15.348 [pool-1-thread-2] DEBUG karate.org.apache.http.wire - http-outgoing-1 >> "Host: restful-booker.herokuapp.com[\r][\n]"
18:53:15.348 [pool-1-thread-1] DEBUG karate.org.apache.http.headers - http-outgoing-2 >> Content-Type: application/json; charset=UTF-8
18:53:15.348 [pool-1-thread-2] DEBUG karate.org.apache.http.wire - http-outgoing-1 >> "Connection: Keep-Alive[\r][\n]"
18:53:15.348 [pool-1-thread-1] DEBUG karate.org.apache.http.headers - http-outgoing-2 >> Content-Length: 45
18:53:15.348 [pool-1-thread-3] DEBUG karate.org.apache.http.headers - http-outgoing-3 >> Connection: Keep-Alive
18:53:15.348 [pool-1-thread-2] DEBUG karate.org.apache.http.wire - http-outgoing-1 >> "User-Agent: Apache-HttpClient/4.5.13 (Java/16.0.2)[\r][\n]"
18:53:15.348 [pool-1-thread-2] DEBUG karate.org.apache.http.wire - http-outgoing-1 >> "Accept-Encoding: gzip,deflate[\r][\n]"
18:53:15.348 [pool-1-thread-2] DEBUG karate.org.apache.http.wire - http-outgoing-1 >> "[\r][\n]"
18:53:15.348 [pool-1-thread-1] DEBUG karate.org.apache.http.headers - http-outgoing-2 >> Host: restful-booker.herokuapp.com
18:53:15.348 [pool-1-thread-3] DEBUG karate.org.apache.http.headers - http-outgoing-3 >> User-Agent: Apache-HttpClient/4.5.13 (Java/16.0.2)
18:53:15.348 [pool-1-thread-3] DEBUG karate.org.apache.http.headers - http-outgoing-3 >> Accept-Encoding: gzip,deflate
18:53:15.348 [pool-1-thread-1] DEBUG karate.org.apache.http.headers - http-outgoing-2 >> Connection: Keep-Alive
18:53:15.348 [pool-1-thread-3] DEBUG karate.org.apache.http.wire - http-outgoing-3 >> "POST /auth HTTP/1.1[\r][\n]"
18:53:15.348 [pool-1-thread-1] DEBUG karate.org.apache.http.headers - http-outgoing-2 >> User-Agent: Apache-HttpClient/4.5.13 (Java/16.0.2)
18:53:15.348 [pool-1-thread-3] DEBUG karate.org.apache.http.wire - http-outgoing-3 >> "Accept: application/json[\r][\n]"
18:53:15.348 [pool-1-thread-1] DEBUG karate.org.apache.http.headers - http-outgoing-2 >> Accept-Encoding: gzip,deflate
18:53:15.348 [pool-1-thread-3] DEBUG karate.org.apache.http.wire - http-outgoing-3 >> "Authorization: Token undefined[\r][\n]"
18:53:15.348 [pool-1-thread-3] DEBUG karate.org.apache.http.wire - http-outgoing-3 >> "Content-Type: application/json; charset=UTF-8[\r][\n]"
18:53:15.348 [pool-1-thread-1] DEBUG karate.org.apache.http.wire - http-outgoing-2 >> "POST /auth HTTP/1.1[\r][\n]"
18:53:15.348 [pool-1-thread-3] DEBUG karate.org.apache.http.wire - http-outgoing-3 >> "Content-Length: 45[\r][\n]"
18:53:15.348 [pool-1-thread-1] DEBUG karate.org.apache.http.wire - http-outgoing-2 >> "Accept: application/json[\r][\n]"
18:53:15.348 [pool-1-thread-3] DEBUG karate.org.apache.http.wire - http-outgoing-3 >> "Host: restful-booker.herokuapp.com[\r][\n]"
18:53:15.348 [pool-1-thread-1] DEBUG karate.org.apache.http.wire - http-outgoing-2 >> "Authorization: Token undefined[\r][\n]"
18:53:15.348 [pool-1-thread-3] DEBUG karate.org.apache.http.wire - http-outgoing-3 >> "Connection: Keep-Alive[\r][\n]"
18:53:15.348 [pool-1-thread-1] DEBUG karate.org.apache.http.wire - http-outgoing-2 >> "Content-Type: application/json; charset=UTF-8[\r][\n]"
18:53:15.348 [pool-1-thread-3] DEBUG karate.org.apache.http.wire - http-outgoing-3 >> "User-Agent: Apache-HttpClient/4.5.13 (Java/16.0.2)[\r][\n]"
18:53:15.348 [pool-1-thread-1] DEBUG karate.org.apache.http.wire - http-outgoing-2 >> "Content-Length: 45[\r][\n]"
18:53:15.348 [pool-1-thread-3] DEBUG karate.org.apache.http.wire - http-outgoing-3 >> "Accept-Encoding: gzip,deflate[\r][\n]"
18:53:15.348 [pool-1-thread-1] DEBUG karate.org.apache.http.wire - http-outgoing-2 >> "Host: restful-booker.herokuapp.com[\r][\n]"
18:53:15.348 [pool-1-thread-3] DEBUG karate.org.apache.http.wire - http-outgoing-3 >> "[\r][\n]"
18:53:15.348 [pool-1-thread-3] DEBUG karate.org.apache.http.wire - http-outgoing-3 >> "{"username":"admin","password":"password123"}"
18:53:15.348 [pool-1-thread-1] DEBUG karate.org.apache.http.wire - http-outgoing-2 >> "Connection: Keep-Alive[\r][\n]"
18:53:15.348 [pool-1-thread-1] DEBUG karate.org.apache.http.wire - http-outgoing-2 >> "User-Agent: Apache-HttpClient/4.5.13 (Java/16.0.2)[\r][\n]"
18:53:15.348 [pool-1-thread-1] DEBUG karate.org.apache.http.wire - http-outgoing-2 >> "Accept-Encoding: gzip,deflate[\r][\n]"
18:53:15.348 [pool-1-thread-1] DEBUG karate.org.apache.http.wire - http-outgoing-2 >> "[\r][\n]"
18:53:15.348 [pool-1-thread-1] DEBUG karate.org.apache.http.wire - http-outgoing-2 >> "{"username":"admin","password":"password123"}"
18:53:15.712 [pool-1-thread-1] DEBUG karate.org.apache.http.wire - http-outgoing-2 << "HTTP/1.1 200 OK[\r][\n]"
18:53:15.712 [pool-1-thread-3] DEBUG karate.org.apache.http.wire - http-outgoing-3 << "HTTP/1.1 200 OK[\r][\n]"
18:53:15.716 [pool-1-thread-1] DEBUG karate.org.apache.http.wire - http-outgoing-2 << "Server: Cowboy[\r][\n]"
18:53:15.716 [pool-1-thread-3] DEBUG karate.org.apache.http.wire - http-outgoing-3 << "Server: Cowboy[\r][\n]"
18:53:15.716 [pool-1-thread-1] DEBUG karate.org.apache.http.wire - http-outgoing-2 << "Report-To: {"group":"heroku-nel","max_age":3600,"endpoints":[{"url":"https://nel.heroku.com/reports?ts=1709040196&sid=c46efe9b-d3d2-4a0c-8c76-bfafa16c5add&s=GY7Mm6yvlmTaC21X%2BmD4z6fFoi6NAGO5iO28hkvenv8%3D"}]}[\r][\n]"
18:53:15.716 [pool-1-thread-3] DEBUG karate.org.apache.http.wire - http-outgoing-3 << "Report-To: {"group":"heroku-nel","max_age":3600,"endpoints":[{"url":"https://nel.heroku.com/reports?ts=1709040196&sid=c46efe9b-d3d2-4a0c-8c76-bfafa16c5add&s=GY7Mm6yvlmTaC21X%2BmD4z6fFoi6NAGO5iO28hkvenv8%3D"}]}[\r][\n]"
18:53:15.716 [pool-1-thread-1] DEBUG karate.org.apache.http.wire - http-outgoing-2 << "Reporting-Endpoints: heroku-nel=https://nel.heroku.com/reports?ts=1709040196&sid=c46efe9b-d3d2-4a0c-8c76-bfafa16c5add&s=GY7Mm6yvlmTaC21X%2BmD4z6fFoi6NAGO5iO28hkvenv8%3D[\r][\n]"
18:53:15.716 [pool-1-thread-3] DEBUG karate.org.apache.http.wire - http-outgoing-3 << "Reporting-Endpoints: heroku-nel=https://nel.heroku.com/reports?ts=1709040196&sid=c46efe9b-d3d2-4a0c-8c76-bfafa16c5add&s=GY7Mm6yvlmTaC21X%2BmD4z6fFoi6NAGO5iO28hkvenv8%3D[\r][\n]"
18:53:15.716 [pool-1-thread-1] DEBUG karate.org.apache.http.wire - http-outgoing-2 << "Nel: {"report_to":"heroku-nel","max_age":3600,"success_fraction":0.005,"failure_fraction":0.05,"response_headers":["Via"]}[\r][\n]"
18:53:15.716 [pool-1-thread-3] DEBUG karate.org.apache.http.wire - http-outgoing-3 << "Nel: {"report_to":"heroku-nel","max_age":3600,"success_fraction":0.005,"failure_fraction":0.05,"response_headers":["Via"]}[\r][\n]"
18:53:15.716 [pool-1-thread-1] DEBUG karate.org.apache.http.wire - http-outgoing-2 << "Connection: keep-alive[\r][\n]"
18:53:15.716 [pool-1-thread-3] DEBUG karate.org.apache.http.wire - http-outgoing-3 << "Connection: keep-alive[\r][\n]"
18:53:15.716 [pool-1-thread-1] DEBUG karate.org.apache.http.wire - http-outgoing-2 << "X-Powered-By: Express[\r][\n]"
18:53:15.716 [pool-1-thread-3] DEBUG karate.org.apache.http.wire - http-outgoing-3 << "X-Powered-By: Express[\r][\n]"
18:53:15.716 [pool-1-thread-1] DEBUG karate.org.apache.http.wire - http-outgoing-2 << "Content-Type: application/json; charset=utf-8[\r][\n]"
18:53:15.716 [pool-1-thread-3] DEBUG karate.org.apache.http.wire - http-outgoing-3 << "Content-Type: application/json; charset=utf-8[\r][\n]"
18:53:15.716 [pool-1-thread-1] DEBUG karate.org.apache.http.wire - http-outgoing-2 << "Content-Length: 27[\r][\n]"
18:53:15.716 [pool-1-thread-3] DEBUG karate.org.apache.http.wire - http-outgoing-3 << "Content-Length: 27[\r][\n]"
18:53:15.716 [pool-1-thread-1] DEBUG karate.org.apache.http.wire - http-outgoing-2 << "Etag: W/"1b-5ObUThEEuwbB7FUK/EMTITwnohI"[\r][\n]"
18:53:15.716 [pool-1-thread-3] DEBUG karate.org.apache.http.wire - http-outgoing-3 << "Etag: W/"1b-YljRiDg0y+Kw9LeK9pIwoxNHQtc"[\r][\n]"
18:53:15.716 [pool-1-thread-1] DEBUG karate.org.apache.http.wire - http-outgoing-2 << "Date: Tue, 27 Feb 2024 13:23:16 GMT[\r][\n]"
18:53:15.716 [pool-1-thread-3] DEBUG karate.org.apache.http.wire - http-outgoing-3 << "Date: Tue, 27 Feb 2024 13:23:16 GMT[\r][\n]"
18:53:15.716 [pool-1-thread-1] DEBUG karate.org.apache.http.wire - http-outgoing-2 << "Via: 1.1 vegur[\r][\n]"
18:53:15.716 [pool-1-thread-3] DEBUG karate.org.apache.http.wire - http-outgoing-3 << "Via: 1.1 vegur[\r][\n]"
18:53:15.716 [pool-1-thread-1] DEBUG karate.org.apache.http.wire - http-outgoing-2 << "[\r][\n]"
18:53:15.716 [pool-1-thread-3] DEBUG karate.org.apache.http.wire - http-outgoing-3 << "[\r][\n]"
18:53:15.716 [pool-1-thread-1] DEBUG karate.org.apache.http.wire - http-outgoing-2 << "{"token":"64078f37bcf72b9"}"
18:53:15.716 [pool-1-thread-3] DEBUG karate.org.apache.http.wire - http-outgoing-3 << "{"token":"4b0071b1160195b"}"
18:53:15.716 [pool-1-thread-1] DEBUG karate.org.apache.http.headers - http-outgoing-2 << HTTP/1.1 200 OK
18:53:15.716 [pool-1-thread-3] DEBUG karate.org.apache.http.headers - http-outgoing-3 << HTTP/1.1 200 OK
18:53:15.716 [pool-1-thread-1] DEBUG karate.org.apache.http.headers - http-outgoing-2 << Server: Cowboy
18:53:15.716 [pool-1-thread-3] DEBUG karate.org.apache.http.headers - http-outgoing-3 << Server: Cowboy
18:53:15.716 [pool-1-thread-1] DEBUG karate.org.apache.http.headers - http-outgoing-2 << Report-To: {"group":"heroku-nel","max_age":3600,"endpoints":[{"url":"https://nel.heroku.com/reports?ts=1709040196&sid=c46efe9b-d3d2-4a0c-8c76-bfafa16c5add&s=GY7Mm6yvlmTaC21X%2BmD4z6fFoi6NAGO5iO28hkvenv8%3D"}]}
18:53:15.716 [pool-1-thread-3] DEBUG karate.org.apache.http.headers - http-outgoing-3 << Report-To: {"group":"heroku-nel","max_age":3600,"endpoints":[{"url":"https://nel.heroku.com/reports?ts=1709040196&sid=c46efe9b-d3d2-4a0c-8c76-bfafa16c5add&s=GY7Mm6yvlmTaC21X%2BmD4z6fFoi6NAGO5iO28hkvenv8%3D"}]}
18:53:15.716 [pool-1-thread-1] DEBUG karate.org.apache.http.headers - http-outgoing-2 << Reporting-Endpoints: heroku-nel=https://nel.heroku.com/reports?ts=1709040196&sid=c46efe9b-d3d2-4a0c-8c76-bfafa16c5add&s=GY7Mm6yvlmTaC21X%2BmD4z6fFoi6NAGO5iO28hkvenv8%3D
18:53:15.716 [pool-1-thread-3] DEBUG karate.org.apache.http.headers - http-outgoing-3 << Reporting-Endpoints: heroku-nel=https://nel.heroku.com/reports?ts=1709040196&sid=c46efe9b-d3d2-4a0c-8c76-bfafa16c5add&s=GY7Mm6yvlmTaC21X%2BmD4z6fFoi6NAGO5iO28hkvenv8%3D
18:53:15.716 [pool-1-thread-1] DEBUG karate.org.apache.http.headers - http-outgoing-2 << Nel: {"report_to":"heroku-nel","max_age":3600,"success_fraction":0.005,"failure_fraction":0.05,"response_headers":["Via"]}
18:53:15.716 [pool-1-thread-3] DEBUG karate.org.apache.http.headers - http-outgoing-3 << Nel: {"report_to":"heroku-nel","max_age":3600,"success_fraction":0.005,"failure_fraction":0.05,"response_headers":["Via"]}
18:53:15.716 [pool-1-thread-1] DEBUG karate.org.apache.http.headers - http-outgoing-2 << Connection: keep-alive
18:53:15.716 [pool-1-thread-1] DEBUG karate.org.apache.http.headers - http-outgoing-2 << X-Powered-By: Express
18:53:15.716 [pool-1-thread-3] DEBUG karate.org.apache.http.headers - http-outgoing-3 << Connection: keep-alive
18:53:15.716 [pool-1-thread-1] DEBUG karate.org.apache.http.headers - http-outgoing-2 << Content-Type: application/json; charset=utf-8
18:53:15.716 [pool-1-thread-3] DEBUG karate.org.apache.http.headers - http-outgoing-3 << X-Powered-By: Express
18:53:15.716 [pool-1-thread-1] DEBUG karate.org.apache.http.headers - http-outgoing-2 << Content-Length: 27
18:53:15.716 [pool-1-thread-3] DEBUG karate.org.apache.http.headers - http-outgoing-3 << Content-Type: application/json; charset=utf-8
18:53:15.716 [pool-1-thread-1] DEBUG karate.org.apache.http.headers - http-outgoing-2 << Etag: W/"1b-5ObUThEEuwbB7FUK/EMTITwnohI"
18:53:15.716 [pool-1-thread-3] DEBUG karate.org.apache.http.headers - http-outgoing-3 << Content-Length: 27
18:53:15.716 [pool-1-thread-1] DEBUG karate.org.apache.http.headers - http-outgoing-2 << Date: Tue, 27 Feb 2024 13:23:16 GMT
18:53:15.716 [pool-1-thread-3] DEBUG karate.org.apache.http.headers - http-outgoing-3 << Etag: W/"1b-YljRiDg0y+Kw9LeK9pIwoxNHQtc"
18:53:15.716 [pool-1-thread-1] DEBUG karate.org.apache.http.headers - http-outgoing-2 << Via: 1.1 vegur
18:53:15.716 [pool-1-thread-3] DEBUG karate.org.apache.http.headers - http-outgoing-3 << Date: Tue, 27 Feb 2024 13:23:16 GMT
18:53:15.716 [pool-1-thread-3] DEBUG karate.org.apache.http.headers - http-outgoing-3 << Via: 1.1 vegur
18:53:15.716 [pool-1-thread-1] DEBUG karate.org.apache.http.impl.execchain.MainClientExec - Connection can be kept alive indefinitely
18:53:15.716 [pool-1-thread-3] DEBUG karate.org.apache.http.impl.execchain.MainClientExec - Connection can be kept alive indefinitely
18:53:15.716 [pool-1-thread-1] DEBUG karate.org.apache.http.impl.conn.PoolingHttpClientConnectionManager - Connection [id: 2][route: {s}->https://restful-booker.herokuapp.com:443] can be kept alive indefinitely
18:53:15.716 [pool-1-thread-1] DEBUG karate.org.apache.http.impl.conn.DefaultManagedHttpClientConnection - http-outgoing-2: set socket timeout to 0
18:53:15.716 [pool-1-thread-3] DEBUG karate.org.apache.http.impl.conn.PoolingHttpClientConnectionManager - Connection [id: 3][route: {s}->https://restful-booker.herokuapp.com:443] can be kept alive indefinitely
18:53:15.716 [pool-1-thread-3] DEBUG karate.org.apache.http.impl.conn.DefaultManagedHttpClientConnection - http-outgoing-3: set socket timeout to 0
18:53:15.716 [pool-1-thread-1] DEBUG karate.org.apache.http.impl.conn.PoolingHttpClientConnectionManager - Connection released: [id: 2][route: {s}->https://restful-booker.herokuapp.com:443][total available: 1; route allocated: 1 of 5; total allocated: 1 of 10]
18:53:15.716 [pool-1-thread-3] DEBUG karate.org.apache.http.impl.conn.PoolingHttpClientConnectionManager - Connection released: [id: 3][route: {s}->https://restful-booker.herokuapp.com:443][total available: 1; route allocated: 1 of 5; total allocated: 1 of 10]
18:53:15.716 [pool-1-thread-1] DEBUG com.intuit.karate - response time in milliseconds: 1106
1 < 200
1 < Server: Cowboy
1 < Report-To: {"group":"heroku-nel","max_age":3600,"endpoints":[{"url":"https://nel.heroku.com/reports?ts=1709040196&sid=c46efe9b-d3d2-4a0c-8c76-bfafa16c5add&s=GY7Mm6yvlmTaC21X%2BmD4z6fFoi6NAGO5iO28hkvenv8%3D"}]}
[...]
[THYMELEAF]             * [* {th:frame,data-th-frame}] [1000]: karate.org.thymeleaf.standard.processor.StandardRemovableAttributeTagProcessor
[THYMELEAF]             * [* {th:span,data-th-span}] [1000]: karate.org.thymeleaf.standard.processor.StandardRemovableAttributeTagProcessor
[THYMELEAF]             * [* {th:rev,data-th-rev}] [1000]: karate.org.thymeleaf.standard.processor.StandardRemovableAttributeTagProcessor
[THYMELEAF]             * [* {th:sandbox,data-th-sandbox}] [1000]: karate.org.thymeleaf.standard.processor.StandardRemovableAttributeTagProcessor
[THYMELEAF]             * [* {th:headers,data-th-headers}] [1000]: karate.org.thymeleaf.standard.processor.StandardRemovableAttributeTagProcessor
[THYMELEAF]             * [* {th:longdesc,data-th-longdesc}] [1000]: karate.org.thymeleaf.standard.processor.StandardRemovableAttributeTagProcessor
[THYMELEAF]             * [* {th:standby,data-th-standby}] [1000]: karate.org.thymeleaf.standard.processor.StandardRemovableAttributeTagProcessor
[THYMELEAF]             * [* {th:rows,data-th-rows}] [1000]: karate.org.thymeleaf.standard.processor.StandardRemovableAttributeTagProcessor
[THYMELEAF]             * [* {th:spellcheck,data-th-spellcheck}] [1000]: karate.org.thymeleaf.standard.processor.StandardRemovableAttributeTagProcessor
[THYMELEAF]             * [* {th:srclang,data-th-srclang}] [1000]: karate.org.thymeleaf.standard.processor.StandardRemovableAttributeTagProcessor
[THYMELEAF]             * [* {th:codetype,data-th-codetype}] [1000]: karate.org.thymeleaf.standard.processor.StandardRemovableAttributeTagProcessor
[THYMELEAF]             * [* {th:http-equiv,data-th-http-equiv}] [1000]: karate.org.thymeleaf.standard.processor.StandardRemovableAttributeTagProcessor
[THYMELEAF]             * [* {th:poster,data-th-poster}] [1000]: karate.org.thymeleaf.standard.processor.StandardRemovableAttributeTagProcessor
[THYMELEAF]             * [* {th:accept,data-th-accept}] [1000]: karate.org.thymeleaf.standard.processor.StandardRemovableAttributeTagProcessor
[THYMELEAF]             * [* {th:challenge,data-th-challenge}] [1000]: karate.org.thymeleaf.standard.processor.StandardRemovableAttributeTagProcessor
[THYMELEAF]             * [* {th:rules,data-th-rules}] [1000]: karate.org.thymeleaf.standard.processor.StandardRemovableAttributeTagProcessor
[THYMELEAF]             * [* {th:cite,data-th-cite}] [1000]: karate.org.thymeleaf.standard.processor.StandardRemovableAttributeTagProcessor
[THYMELEAF]             * [* {th:valuetype,data-th-valuetype}] [1000]: karate.org.thymeleaf.standard.processor.StandardRemovableAttributeTagProcessor
[THYMELEAF]             * [* {th:marginheight,data-th-marginheight}] [1000]: karate.org.thymeleaf.standard.processor.StandardRemovableAttributeTagProcessor
[THYMELEAF]             * [* {th:accept-charset,data-th-accept-charset}] [1000]: karate.org.thymeleaf.standard.processor.StandardRemovableAttributeTagProcessor
[THYMELEAF]             * [* {th:tabindex,data-th-tabindex}] [1000]: karate.org.thymeleaf.standard.processor.StandardRemovableAttributeTagProcessor
[THYMELEAF]             * [* {th:formaction,data-th-formaction}] [1000]: karate.org.thymeleaf.standard.processor.StandardRemovableAttributeTagProcessor
[THYMELEAF]             * [* {th:height,data-th-height}] [1000]: karate.org.thymeleaf.standard.processor.StandardRemovableAttributeTagProcessor
[THYMELEAF]             * [* {th:src,data-th-src}] [1000]: karate.org.thymeleaf.standard.processor.StandardSrcTagProcessor
[THYMELEAF]             * [* {th:value,data-th-value}] [1000]: karate.org.thymeleaf.standard.processor.StandardValueTagProcessor
[THYMELEAF]             * [* {th:xmlbase,data-th-xmlbase}] [1000]: karate.org.thymeleaf.standard.processor.StandardXmlBaseTagProcessor
[THYMELEAF]             * [* {th:xmllang,data-th-xmllang}] [1000]: karate.org.thymeleaf.standard.processor.StandardXmlLangTagProcessor
[THYMELEAF]             * [* {xmlns:th}] [1000]: karate.org.thymeleaf.standard.processor.StandardXmlNsTagProcessor
[THYMELEAF]             * [* {th:xmlspace,data-th-xmlspace}] [1000]: karate.org.thymeleaf.standard.processor.StandardXmlSpaceTagProcessor
[THYMELEAF]             * [* {th:classappend,data-th-classappend}] [1100]: karate.org.thymeleaf.standard.processor.StandardClassappendTagProcessor
[THYMELEAF]             * [* {th:styleappend,data-th-styleappend}] [1100]: karate.org.thymeleaf.standard.processor.StandardStyleappendTagProcessor
[THYMELEAF]             * [* {th:text,data-th-text}] [1300]: karate.org.thymeleaf.standard.processor.StandardTextTagProcessor
[THYMELEAF]             * [* {th:utext,data-th-utext}] [1400]: karate.org.thymeleaf.standard.processor.StandardUtextTagProcessor
[THYMELEAF]             * [* {th:fragment,data-th-fragment}] [1500]: karate.org.thymeleaf.standard.processor.StandardFragmentTagProcessor
[THYMELEAF]             * [* {th:assert,data-th-assert}] [1550]: karate.org.thymeleaf.standard.processor.StandardAssertTagProcessor
[THYMELEAF]             * [* {th:remove,data-th-remove}] [1600]: karate.org.thymeleaf.standard.processor.StandardRemoveTagProcessor
[THYMELEAF]             * [* {th:ref,data-th-ref}] [10000]: karate.org.thymeleaf.standard.processor.StandardRefAttributeTagProcessor
[THYMELEAF]             * [{th:block,th-block} *] [100000]: karate.org.thymeleaf.standard.processor.StandardBlockTagProcessor
[THYMELEAF]             * [* th:*] [2147483647]: karate.org.thymeleaf.standard.processor.StandardDefaultAttributesTagProcessor
[THYMELEAF]         * Text Processors by [precedence]:
[THYMELEAF]             * [1000]: karate.org.thymeleaf.standard.processor.StandardInliningTextProcessor
[THYMELEAF]         * DOCTYPE Processors by [precedence]:
[THYMELEAF]             * [1000]: karate.org.thymeleaf.standard.processor.StandardTranslationDocTypeProcessor
[THYMELEAF]         * CDATA Section Processors by [precedence]:
[THYMELEAF]             * [1000]: karate.org.thymeleaf.standard.processor.StandardInliningCDATASectionProcessor
[THYMELEAF]         * Comment Processors by [precedence]:
[THYMELEAF]             * [1000]: karate.org.thymeleaf.standard.processor.StandardInliningCommentProcessor
[THYMELEAF]             * [1100]: karate.org.thymeleaf.standard.processor.StandardConditionalCommentProcessor
[THYMELEAF]     * Processors for Template Mode: XML
[THYMELEAF]         * Element Tag Processors by [matching element and attribute name] [precedence]:
[THYMELEAF]             * [* {th:include}] [100]: karate.org.thymeleaf.standard.processor.StandardIncludeTagProcessor
[THYMELEAF]             * [* {th:insert}] [100]: karate.org.thymeleaf.standard.processor.StandardInsertTagProcessor
[THYMELEAF]             * [* {th:replace}] [100]: karate.org.thymeleaf.standard.processor.StandardReplaceTagProcessor
[THYMELEAF]             * [* {th:substituteby}] [100]: karate.org.thymeleaf.standard.processor.StandardSubstituteByTagProcessor
[THYMELEAF]             * [* {th:each}] [200]: com.intuit.karate.template.KarateEachTagProcessor
[THYMELEAF]             * [* {th:switch}] [250]: karate.org.thymeleaf.standard.processor.StandardSwitchTagProcessor
[THYMELEAF]             * [* {th:case}] [275]: karate.org.thymeleaf.standard.processor.StandardCaseTagProcessor
[THYMELEAF]             * [* {th:if}] [300]: karate.org.thymeleaf.standard.processor.StandardIfTagProcessor
[THYMELEAF]             * [* {th:unless}] [400]: karate.org.thymeleaf.standard.processor.StandardUnlessTagProcessor
[THYMELEAF]             * [* {th:object}] [500]: karate.org.thymeleaf.standard.processor.StandardObjectTagProcessor
[THYMELEAF]             * [* {th:with}] [600]: com.intuit.karate.template.KarateWithTagProcessor
[THYMELEAF]             * [* {th:attr}] [700]: com.intuit.karate.template.KarateAttributeTagProcessor.KarateAttrTagProcessor
[THYMELEAF]             * [* {th:attrappend}] [900]: com.intuit.karate.template.KarateAttributeTagProcessor.KarateAttrappendTagProcessor
[THYMELEAF]             * [* {th:attrprepend}] [900]: com.intuit.karate.template.KarateAttributeTagProcessor.KarateAttrprependTagProcessor
[THYMELEAF]             * [* {th:inline}] [1000]: karate.org.thymeleaf.standard.processor.StandardInlineXMLTagProcessor
[THYMELEAF]             * [* {xmlns:th}] [1000]: karate.org.thymeleaf.standard.processor.StandardXmlNsTagProcessor
[THYMELEAF]             * [* {th:text}] [1300]: karate.org.thymeleaf.standard.processor.StandardTextTagProcessor
[THYMELEAF]             * [* {th:utext}] [1400]: karate.org.thymeleaf.standard.processor.StandardUtextTagProcessor
[THYMELEAF]             * [* {th:fragment}] [1500]: karate.org.thymeleaf.standard.processor.StandardFragmentTagProcessor
[THYMELEAF]             * [* {th:assert}] [1550]: karate.org.thymeleaf.standard.processor.StandardAssertTagProcessor
[THYMELEAF]             * [* {th:remove}] [1600]: karate.org.thymeleaf.standard.processor.StandardRemoveTagProcessor
[THYMELEAF]             * [* {th:ref}] [10000]: karate.org.thymeleaf.standard.processor.StandardRefAttributeTagProcessor
[THYMELEAF]             * [{th:block} *] [100000]: karate.org.thymeleaf.standard.processor.StandardBlockTagProcessor
[THYMELEAF]             * [* th:*] [2147483647]: karate.org.thymeleaf.standard.processor.StandardDefaultAttributesTagProcessor
[THYMELEAF]         * Text Processors by [precedence]:
[THYMELEAF]             * [1000]: karate.org.thymeleaf.standard.processor.StandardInliningTextProcessor
[THYMELEAF]         * CDATA Section Processors by [precedence]:
[THYMELEAF]             * [1000]: karate.org.thymeleaf.standard.processor.StandardInliningCDATASectionProcessor
[THYMELEAF]         * Comment Processors by [precedence]:
[THYMELEAF]             * [1000]: karate.org.thymeleaf.standard.processor.StandardInliningCommentProcessor
[THYMELEAF]     * Processors for Template Mode: TEXT
[THYMELEAF]         * Element Tag Processors by [matching element and attribute name] [precedence]:
[THYMELEAF]             * [* {th:insert}] [100]: karate.org.thymeleaf.standard.processor.StandardInsertTagProcessor
[THYMELEAF]             * [* {th:replace}] [100]: karate.org.thymeleaf.standard.processor.StandardReplaceTagProcessor
[THYMELEAF]             * [* {th:each}] [200]: com.intuit.karate.template.KarateEachTagProcessor
[THYMELEAF]             * [* {th:switch}] [250]: karate.org.thymeleaf.standard.processor.StandardSwitchTagProcessor
[THYMELEAF]             * [* {th:case}] [275]: karate.org.thymeleaf.standard.processor.StandardCaseTagProcessor
[THYMELEAF]             * [* {th:if}] [300]: karate.org.thymeleaf.standard.processor.StandardIfTagProcessor
[THYMELEAF]             * [* {th:unless}] [400]: karate.org.thymeleaf.standard.processor.StandardUnlessTagProcessor
[THYMELEAF]             * [* {th:object}] [500]: karate.org.thymeleaf.standard.processor.StandardObjectTagProcessor
[THYMELEAF]             * [* {th:with}] [600]: com.intuit.karate.template.KarateWithTagProcessor
[THYMELEAF]             * [* {th:inline}] [1000]: karate.org.thymeleaf.standard.processor.StandardInlineTextualTagProcessor
[THYMELEAF]             * [* {th:text}] [1300]: karate.org.thymeleaf.standard.processor.StandardTextTagProcessor
[THYMELEAF]             * [* {th:utext}] [1400]: karate.org.thymeleaf.standard.processor.StandardUtextTagProcessor
[THYMELEAF]             * [* {th:assert}] [1550]: karate.org.thymeleaf.standard.processor.StandardAssertTagProcessor
[THYMELEAF]             * [* {th:remove}] [1600]: karate.org.thymeleaf.standard.processor.StandardRemoveTagProcessor
[THYMELEAF]             * [{th:block} *] [100000]: karate.org.thymeleaf.standard.processor.StandardBlockTagProcessor
[THYMELEAF]             * [* 100000] [karate.org.thymeleaf.standard.processor.StandardBlockTagProcessor]: {}
[THYMELEAF]         * Text Processors by [precedence]:
[THYMELEAF]             * [1000]: karate.org.thymeleaf.standard.processor.StandardInliningTextProcessor
[THYMELEAF]     * Processors for Template Mode: JAVASCRIPT
[THYMELEAF]         * Element Tag Processors by [matching element and attribute name] [precedence]:
[THYMELEAF]             * [* {th:insert}] [100]: karate.org.thymeleaf.standard.processor.StandardInsertTagProcessor
[THYMELEAF]             * [* {th:replace}] [100]: karate.org.thymeleaf.standard.processor.StandardReplaceTagProcessor
[THYMELEAF]             * [* {th:each}] [200]: com.intuit.karate.template.KarateEachTagProcessor
[THYMELEAF]             * [* {th:switch}] [250]: karate.org.thymeleaf.standard.processor.StandardSwitchTagProcessor
[THYMELEAF]             * [* {th:case}] [275]: karate.org.thymeleaf.standard.processor.StandardCaseTagProcessor
[THYMELEAF]             * [* {th:if}] [300]: karate.org.thymeleaf.standard.processor.StandardIfTagProcessor
[THYMELEAF]             * [* {th:unless}] [400]: karate.org.thymeleaf.standard.processor.StandardUnlessTagProcessor
[THYMELEAF]             * [* {th:object}] [500]: karate.org.thymeleaf.standard.processor.StandardObjectTagProcessor
[THYMELEAF]             * [* {th:with}] [600]: com.intuit.karate.template.KarateWithTagProcessor
[THYMELEAF]             * [* {th:inline}] [1000]: karate.org.thymeleaf.standard.processor.StandardInlineTextualTagProcessor
[THYMELEAF]             * [* {th:text}] [1300]: karate.org.thymeleaf.standard.processor.StandardTextTagProcessor
[THYMELEAF]             * [* {th:utext}] [1400]: karate.org.thymeleaf.standard.processor.StandardUtextTagProcessor
[THYMELEAF]             * [* {th:assert}] [1550]: karate.org.thymeleaf.standard.processor.StandardAssertTagProcessor
[THYMELEAF]             * [* {th:remove}] [1600]: karate.org.thymeleaf.standard.processor.StandardRemoveTagProcessor
[THYMELEAF]             * [{th:block} *] [100000]: karate.org.thymeleaf.standard.processor.StandardBlockTagProcessor
[THYMELEAF]             * [* 100000] [karate.org.thymeleaf.standard.processor.StandardBlockTagProcessor]: {}
[THYMELEAF]         * Text Processors by [precedence]:
[THYMELEAF]             * [1000]: karate.org.thymeleaf.standard.processor.StandardInliningTextProcessor
[THYMELEAF]     * Processors for Template Mode: CSS
[THYMELEAF]         * Element Tag Processors by [matching element and attribute name] [precedence]:
[THYMELEAF]             * [* {th:insert}] [100]: karate.org.thymeleaf.standard.processor.StandardInsertTagProcessor
[THYMELEAF]             * [* {th:replace}] [100]: karate.org.thymeleaf.standard.processor.StandardReplaceTagProcessor
[THYMELEAF]             * [* {th:each}] [200]: com.intuit.karate.template.KarateEachTagProcessor
[THYMELEAF]             * [* {th:switch}] [250]: karate.org.thymeleaf.standard.processor.StandardSwitchTagProcessor
[THYMELEAF]             * [* {th:case}] [275]: karate.org.thymeleaf.standard.processor.StandardCaseTagProcessor
[THYMELEAF]             * [* {th:if}] [300]: karate.org.thymeleaf.standard.processor.StandardIfTagProcessor
[THYMELEAF]             * [* {th:unless}] [400]: karate.org.thymeleaf.standard.processor.StandardUnlessTagProcessor
[THYMELEAF]             * [* {th:object}] [500]: karate.org.thymeleaf.standard.processor.StandardObjectTagProcessor
[THYMELEAF]             * [* {th:with}] [600]: com.intuit.karate.template.KarateWithTagProcessor
[THYMELEAF]             * [* {th:inline}] [1000]: karate.org.thymeleaf.standard.processor.StandardInlineTextualTagProcessor
[THYMELEAF]             * [* {th:text}] [1300]: karate.org.thymeleaf.standard.processor.StandardTextTagProcessor
[THYMELEAF]             * [* {th:utext}] [1400]: karate.org.thymeleaf.standard.processor.StandardUtextTagProcessor
[THYMELEAF]             * [* {th:assert}] [1550]: karate.org.thymeleaf.standard.processor.StandardAssertTagProcessor
[THYMELEAF]             * [* {th:remove}] [1600]: karate.org.thymeleaf.standard.processor.StandardRemoveTagProcessor
[THYMELEAF]             * [{th:block} *] [100000]: karate.org.thymeleaf.standard.processor.StandardBlockTagProcessor
[THYMELEAF]             * [* 100000] [karate.org.thymeleaf.standard.processor.StandardBlockTagProcessor]: {}
[THYMELEAF]         * Text Processors by [precedence]:
[THYMELEAF]             * [1000]: karate.org.thymeleaf.standard.processor.StandardInliningTextProcessor
[THYMELEAF]     * Expression Objects:
[THYMELEAF]         * #ctx
[THYMELEAF]         * #root
[THYMELEAF]         * #vars
[THYMELEAF]         * #object
[THYMELEAF]         * #locale
[THYMELEAF]         * #request
[THYMELEAF]         * #response
[THYMELEAF]         * #session
[THYMELEAF]         * #servletContext
[THYMELEAF]         * #conversions
[THYMELEAF]         * #uris
[THYMELEAF]         * #calendars
[THYMELEAF]         * #dates
[THYMELEAF]         * #bools
[THYMELEAF]         * #numbers
[THYMELEAF]         * #objects
[THYMELEAF]         * #strings
[THYMELEAF]         * #arrays
[THYMELEAF]         * #lists
[THYMELEAF]         * #sets
[THYMELEAF]         * #maps
[THYMELEAF]         * #aggregates
[THYMELEAF]         * #messages
[THYMELEAF]         * #ids
[THYMELEAF]         * #execInfo
[THYMELEAF]         * #httpServletRequest
[THYMELEAF]         * #httpSession
[THYMELEAF]     * Execution Attributes:
[THYMELEAF]         * "StandardExpressionParser": com.intuit.karate.template.KarateStandardDialect@57d566d3
[THYMELEAF]         * "StandardJavaScriptSerializer": karate.org.thymeleaf.standard.serializer.StandardJavaScriptSerializer@258f53f
[THYMELEAF]         * "StandardCSSSerializer": karate.org.thymeleaf.standard.serializer.StandardCSSSerializer@18470a27
[THYMELEAF]         * "StandardVariableExpressionEvaluator": com.intuit.karate.template.KarateStandardDialect@57d566d3
[THYMELEAF]         * "StandardConversionService": karate.org.thymeleaf.standard.expression.StandardConversionService@454681b2
[THYMELEAF] * Dialect [2 of 2]: karate (com.intuit.karate.template.KarateScriptDialect)
[THYMELEAF]     * Prefix: "ka"
[THYMELEAF]     * Processors for Template Mode: HTML
[THYMELEAF]         * Element Tag Processors by [matching element and attribute name] [precedence]:
[THYMELEAF]             * [* {src}] [1000]: com.intuit.karate.template.KaScriptAttrProcessor
[THYMELEAF]         * Element Model Processors by [matching element and attribute name] [precedence]:
[THYMELEAF]             * [{script} {ka:scope,data-ka-scope}] [1000]: com.intuit.karate.template.KaScriptElemProcessor
[THYMELEAF]             * [* {ka:set,data-ka-set}] [1000]: com.intuit.karate.template.KaSetElemProcessor
[THYMELEAF] TEMPLATE ENGINE CONFIGURED OK
18:53:18.895 [Test worker] DEBUG karate.org.thymeleaf.TemplateEngine - [THYMELEAF] TEMPLATE ENGINE INITIALIZED
18:53:18.998 [Finalizer] DEBUG karate.org.apache.http.impl.conn.PoolingHttpClientConnectionManager - Connection manager is shutting down
18:53:18.998 [Finalizer] DEBUG karate.org.apache.http.impl.conn.DefaultManagedHttpClientConnection - http-outgoing-0: Close connection
18:53:19.003 [Finalizer] DEBUG karate.org.apache.http.impl.conn.PoolingHttpClientConnectionManager - Connection manager shut down
18:53:19.003 [Finalizer] DEBUG karate.org.apache.http.impl.conn.PoolingHttpClientConnectionManager - Connection manager is shutting down
18:53:19.003 [Finalizer] DEBUG karate.org.apache.http.impl.conn.DefaultManagedHttpClientConnection - http-outgoing-6: Close connection
18:53:19.003 [Finalizer] DEBUG karate.org.apache.http.impl.conn.PoolingHttpClientConnectionManager - Connection manager shut down
18:53:19.003 [Finalizer] DEBUG karate.org.apache.http.impl.conn.PoolingHttpClientConnectionManager - Connection manager is shutting down
18:53:19.003 [Finalizer] DEBUG karate.org.apache.http.impl.conn.DefaultManagedHttpClientConnection - http-outgoing-7: Close connection
18:53:19.003 [Finalizer] DEBUG karate.org.apache.http.impl.conn.PoolingHttpClientConnectionManager - Connection manager shut down

HTML report: (paste into browser to view) | Karate version: 1.1.0
file:///C:/Pravin/Assignement/Assignment_02_HerokuApp/build/karate-reports/karate-summary.html
===================================================================

]]></system-out>
  <system-err><![CDATA[]]></system-err>
</testsuite>
